Using pre-set license
Built from '2022.3/release' branch; Version is '2022.3.18f1 (d29bea25151d) revision 13802474'; Using compiler version '192829333'; Build Type 'Release'
OS: 'Windows 11  (10.0.22621) 64bit Core' Language: 'en' Physical Memory: 16208 MB
BatchMode: 1, IsHumanControllingUs: 0, StartBugReporterOnCrash: 0, Is64bit: 1, IsPro: 1

COMMAND LINE ARGUMENTS:
C:\Program Files\Unity\Hub\Editor\2022.3.18f1\Editor\Unity.exe
-adb2
-batchMode
-noUpm
-name
AssetImportWorker2
-projectPath
C:/Users/cocja/OneDrive/Documents/GitHub/JLSJ-game
-logFile
Logs/AssetImportWorker2.log
-srvPort
51005
Successfully changed project path to: C:/Users/cocja/OneDrive/Documents/GitHub/JLSJ-game
C:/Users/cocja/OneDrive/Documents/GitHub/JLSJ-game
[UnityMemory] Configuration Parameters - Can be set up in boot.config
    "memorysetup-bucket-allocator-granularity=16"
    "memorysetup-bucket-allocator-bucket-count=8"
    "memorysetup-bucket-allocator-block-size=33554432"
    "memorysetup-bucket-allocator-block-count=8"
    "memorysetup-main-allocator-block-size=16777216"
    "memorysetup-thread-allocator-block-size=16777216"
    "memorysetup-gfx-main-allocator-block-size=16777216"
    "memorysetup-gfx-thread-allocator-block-size=16777216"
    "memorysetup-cache-allocator-block-size=4194304"
    "memorysetup-typetree-allocator-block-size=2097152"
    "memorysetup-profiler-bucket-allocator-granularity=16"
    "memorysetup-profiler-bucket-allocator-bucket-count=8"
    "memorysetup-profiler-bucket-allocator-block-size=33554432"
    "memorysetup-profiler-bucket-allocator-block-count=8"
    "memorysetup-profiler-allocator-block-size=16777216"
    "memorysetup-profiler-editor-allocator-block-size=1048576"
    "memorysetup-temp-allocator-size-main=16777216"
    "memorysetup-job-temp-allocator-block-size=2097152"
    "memorysetup-job-temp-allocator-block-size-background=1048576"
    "memorysetup-job-temp-allocator-reduction-small-platforms=262144"
    "memorysetup-allocator-temp-initial-block-size-main=262144"
    "memorysetup-allocator-temp-initial-block-size-worker=262144"
    "memorysetup-temp-allocator-size-background-worker=32768"
    "memorysetup-temp-allocator-size-job-worker=262144"
    "memorysetup-temp-allocator-size-preload-manager=33554432"
    "memorysetup-temp-allocator-size-nav-mesh-worker=65536"
    "memorysetup-temp-allocator-size-audio-worker=65536"
    "memorysetup-temp-allocator-size-cloud-worker=32768"
    "memorysetup-temp-allocator-size-gi-baking-worker=262144"
    "memorysetup-temp-allocator-size-gfx=262144"
Player connection [27508] Host "[IP] 10.5.1.73 [Port] 0 [Flags] 2 [Guid] 2201666876 [EditorId] 2201666876 [Version] 1048832 [Id] WindowsEditor(7,Jack-Lab) [Debug] 1 [PackageName] WindowsEditor [ProjectName] Editor" joined multi-casting on [225.0.0.222:54997]...

Player connection [27508] Host "[IP] 10.5.1.73 [Port] 0 [Flags] 2 [Guid] 2201666876 [EditorId] 2201666876 [Version] 1048832 [Id] WindowsEditor(7,Jack-Lab) [Debug] 1 [PackageName] WindowsEditor [ProjectName] Editor" joined alternative multi-casting on [225.0.0.222:34997]...

[Physics::Module] Initialized MultithreadedJobDispatcher with 11 workers.
Refreshing native plugins compatible for Editor in 96.84 ms, found 3 plugins.
Preloading 0 native plugins for Editor in 0.00 ms.
Initialize engine version: 2022.3.18f1 (d29bea25151d)
[Subsystems] Discovering subsystems at path C:/Program Files/Unity/Hub/Editor/2022.3.18f1/Editor/Data/Resources/UnitySubsystems
[Subsystems] Discovering subsystems at path C:/Users/cocja/OneDrive/Documents/GitHub/JLSJ-game/Assets
GfxDevice: creating device client; threaded=0; jobified=0
Direct3D:
    Version:  Direct3D 11.0 [level 11.1]
    Renderer: Intel(R) Iris(R) Xe Graphics (ID=0x46a8)
    Vendor:   Intel
    VRAM:     8104 MB
    Driver:   31.0.101.4502
Initialize mono
Mono path[0] = 'C:/Program Files/Unity/Hub/Editor/2022.3.18f1/Editor/Data/Managed'
Mono path[1] = 'C:/Program Files/Unity/Hub/Editor/2022.3.18f1/Editor/Data/MonoBleedingEdge/lib/mono/unityjit-win32'
Mono config path = 'C:/Program Files/Unity/Hub/Editor/2022.3.18f1/Editor/Data/MonoBleedingEdge/etc'
Using monoOptions --debugger-agent=transport=dt_socket,embedding=1,server=y,suspend=n,address=127.0.0.1:56288
Begin MonoManager ReloadAssembly
Registering precompiled unity dll's ...
Register platform support module: C:/Program Files/Unity/Hub/Editor/2022.3.18f1/Editor/Data/PlaybackEngines/WindowsStandaloneSupport/UnityEditor.WindowsStandalone.Extensions.dll
Registered in 0.012440 seconds.
- Loaded All Assemblies, in  1.005 seconds
Native extension for WindowsStandalone target not found
Mono: successfully reloaded assembly
- Finished resetting the current domain, in  0.549 seconds
Domain Reload Profiling: 1549ms
	BeginReloadAssembly (437ms)
		ExecutionOrderSort (0ms)
		DisableScriptedObjects (0ms)
		BackupInstance (0ms)
		ReleaseScriptingObjects (0ms)
		CreateAndSetChildDomain (2ms)
	RebuildCommonClasses (81ms)
	RebuildNativeTypeToScriptingClass (25ms)
	initialDomainReloadingComplete (124ms)
	LoadAllAssembliesAndSetupDomain (333ms)
		LoadAssemblies (428ms)
		RebuildTransferFunctionScriptingTraits (0ms)
		AnalyzeDomain (329ms)
			TypeCache.Refresh (325ms)
				TypeCache.ScanAssembly (295ms)
			ScanForSourceGeneratedMonoScriptInfo (1ms)
			ResolveRequiredComponents (1ms)
	FinalizeReload (550ms)
		ReleaseScriptCaches (0ms)
		RebuildScriptCaches (0ms)
		SetupLoadedEditorAssemblies (430ms)
			LogAssemblyErrors (0ms)
			InitializePlatformSupportModulesInManaged (18ms)
			SetLoadedEditorAssemblies (16ms)
			RefreshPlugins (0ms)
			BeforeProcessingInitializeOnLoad (4ms)
			ProcessInitializeOnLoadAttributes (280ms)
			ProcessInitializeOnLoadMethodAttributes (111ms)
			AfterProcessingInitializeOnLoad (0ms)
			EditorAssembliesLoaded (0ms)
		ExecutionOrderSort2 (0ms)
		AwakeInstancesAfterBackupRestoration (0ms)
========================================================================
Worker process is ready to serve import requests
Begin MonoManager ReloadAssembly
- Loaded All Assemblies, in  2.282 seconds
Refreshing native plugins compatible for Editor in 41.20 ms, found 3 plugins.
Native extension for WindowsStandalone target not found
Package Manager log level set to [2]
[Package Manager] Server::EnsureServerProcessIsRunning -- launch failed, reason: Unity was launched with the -noUpm command-line argument
[Package Manager] UpmClient::Send -- Unable to send message (not connected to UPM process).
[Package Manager] Cannot connect to Unity Package Manager local server
Mono: successfully reloaded assembly
- Finished resetting the current domain, in  2.064 seconds
Domain Reload Profiling: 4340ms
	BeginReloadAssembly (454ms)
		ExecutionOrderSort (0ms)
		DisableScriptedObjects (9ms)
		BackupInstance (0ms)
		ReleaseScriptingObjects (0ms)
		CreateAndSetChildDomain (52ms)
	RebuildCommonClasses (96ms)
	RebuildNativeTypeToScriptingClass (30ms)
	initialDomainReloadingComplete (161ms)
	LoadAllAssembliesAndSetupDomain (1532ms)
		LoadAssemblies (1081ms)
		RebuildTransferFunctionScriptingTraits (0ms)
		AnalyzeDomain (710ms)
			TypeCache.Refresh (622ms)
				TypeCache.ScanAssembly (575ms)
			ScanForSourceGeneratedMonoScriptInfo (62ms)
			ResolveRequiredComponents (22ms)
	FinalizeReload (2066ms)
		ReleaseScriptCaches (0ms)
		RebuildScriptCaches (0ms)
		SetupLoadedEditorAssemblies (1505ms)
			LogAssemblyErrors (0ms)
			InitializePlatformSupportModulesInManaged (26ms)
			SetLoadedEditorAssemblies (13ms)
			RefreshPlugins (0ms)
			BeforeProcessingInitializeOnLoad (216ms)
			ProcessInitializeOnLoadAttributes (1162ms)
			ProcessInitializeOnLoadMethodAttributes (53ms)
			AfterProcessingInitializeOnLoad (35ms)
			EditorAssembliesLoaded (0ms)
		ExecutionOrderSort2 (0ms)
		AwakeInstancesAfterBackupRestoration (22ms)
Launched and connected shader compiler UnityShaderCompiler.exe after 0.26 seconds
Refreshing native plugins compatible for Editor in 15.72 ms, found 3 plugins.
Preloading 0 native plugins for Editor in 0.00 ms.
Unloading 3172 Unused Serialized files (Serialized files now loaded: 0)
Unloading 32 unused Assets / (57.0 KB). Loaded Objects now: 3633.
Memory consumption went from 124.6 MB to 124.5 MB.
Total: 6.218900 ms (FindLiveObjects: 0.616200 ms CreateObjectMapping: 0.273400 ms MarkObjects: 5.048900 ms  DeleteObjects: 0.277600 ms)

AssetImportParameters requested are different than current active one (requested -> active):
  custom:container-demuxer-ogg: 62fdf1f143b41e24485cea50d1cbac27 -> 
  custom:video-codec-MediaFoundation-h265: 746d11721c4dcdbdad8f713fa42b33f4 -> 
  custom:video-decoder-ogg-theora: a1e56fd34408186e4bbccfd4996cb3dc -> 
  custom:framework-win-MediaFoundation: 216162199b28c13a410421893ffa2e32 -> 
  custom:CustomObjectIndexerAttribute: 6d391050e5a25f67b0a2c618074f2cd9 -> 
  custom:container-demuxer-webm: 4f35f7cbe854078d1ac9338744f61a02 -> 
  custom:container-muxer-webm: aa71ff27fc2769a1b78a27578f13a17b -> 
  custom:video-decoder-webm-vp8: 9c59270c3fd7afecdb556c50c9e8de78 -> 
  custom:SearchIndexIgnoredProperties: e643bd26f0fe6173181afceb89e7c659 -> 
  custom:AudioImporter_EditorPlatform: d09bf68614088b80899f8185d706f6e7 -> 
  custom:video-encoder-webm-vp8: eb34c28f22e8b96e1ab97ce403110664 -> 
  custom:audio-decoder-ogg-vorbis: bf7c407c2cedff20999df2af8eb42d56 -> 
  custom:audio-encoder-webm-vorbis: bf7c407c2cedff20999df2af8eb42d56 -> 
========================================================================
Received Import Request.
  Time since last request: 3747.617208 seconds.
  path: Assets/ArtskillZ Store/Free SciFi Textures/FloorTech07.jpg
  artifactKey: Guid(30ff08523fb2de3479ede81254d8852d) Importer(815301076,1909f56bfc062723c751e8b465ee728b)
Start importing Assets/ArtskillZ Store/Free SciFi Textures/FloorTech07.jpg using Guid(30ff08523fb2de3479ede81254d8852d) Importer(815301076,1909f56bfc062723c751e8b465ee728b)  -> (artifact id: '0819e86845a8080cb596b268d6290367') in 0.178769 seconds
Number of updated asset objects reloaded before import = 0
Number of asset objects unloaded after import = 2
========================================================================
Received Import Request.
  Time since last request: 0.000042 seconds.
  path: Assets/ArtskillZ Store/Free SciFi Textures/FloorTech01c.jpg
  artifactKey: Guid(55c183c4d9dc25847acede88623d41e7) Importer(815301076,1909f56bfc062723c751e8b465ee728b)
Start importing Assets/ArtskillZ Store/Free SciFi Textures/FloorTech01c.jpg using Guid(55c183c4d9dc25847acede88623d41e7) Importer(815301076,1909f56bfc062723c751e8b465ee728b)  -> (artifact id: '454ba5660ded270b2051653d69e0c25f') in 0.063547 seconds
Number of updated asset objects reloaded before import = 0
Number of asset objects unloaded after import = 2
========================================================================
Received Import Request.
  Time since last request: 0.000048 seconds.
  path: Assets/ArtskillZ Store/Free SciFi Textures/FloorTiles.jpg
  artifactKey: Guid(573bc82d06efaaa43aeb7687fa15242b) Importer(815301076,1909f56bfc062723c751e8b465ee728b)
Start importing Assets/ArtskillZ Store/Free SciFi Textures/FloorTiles.jpg using Guid(573bc82d06efaaa43aeb7687fa15242b) Importer(815301076,1909f56bfc062723c751e8b465ee728b)  -> (artifact id: '0da744efcc41773315a072f7108a43da') in 0.046317 seconds
Number of updated asset objects reloaded before import = 0
Number of asset objects unloaded after import = 2
========================================================================
Received Import Request.
  Time since last request: 0.000075 seconds.
  path: Assets/ArtskillZ Store/Free SciFi Textures/FloorTech03.jpg
  artifactKey: Guid(cd00e85513ccef74b8a2d284a9d8d4ef) Importer(815301076,1909f56bfc062723c751e8b465ee728b)
Start importing Assets/ArtskillZ Store/Free SciFi Textures/FloorTech03.jpg using Guid(cd00e85513ccef74b8a2d284a9d8d4ef) Importer(815301076,1909f56bfc062723c751e8b465ee728b)  -> (artifact id: '4c3db7115bdf7479bcf24d2e6f5bda92') in 0.055892 seconds
Number of updated asset objects reloaded before import = 0
Number of asset objects unloaded after import = 2
========================================================================
Received Import Request.
  Time since last request: 0.000050 seconds.
  path: Assets/ArtskillZ Store/Free SciFi Textures/Wall02.jpg
  artifactKey: Guid(e33eae3eaf4c96d4cac1dc6ec00e4146) Importer(815301076,1909f56bfc062723c751e8b465ee728b)
Start importing Assets/ArtskillZ Store/Free SciFi Textures/Wall02.jpg using Guid(e33eae3eaf4c96d4cac1dc6ec00e4146) Importer(815301076,1909f56bfc062723c751e8b465ee728b)  -> (artifact id: '5df5e726f749e30808e22b2c9ee00f14') in 0.059273 seconds
Number of updated asset objects reloaded before import = 0
Number of asset objects unloaded after import = 2
========================================================================
Received Import Request.
  Time since last request: 0.000042 seconds.
  path: Assets/ArtskillZ Store/Free SciFi Textures/NewBehaviourScript.cs
  artifactKey: Guid(7f323743c65a9664c8dc67c7bd9220c1) Importer(815301076,1909f56bfc062723c751e8b465ee728b)
Start importing Assets/ArtskillZ Store/Free SciFi Textures/NewBehaviourScript.cs using Guid(7f323743c65a9664c8dc67c7bd9220c1) Importer(815301076,1909f56bfc062723c751e8b465ee728b)  -> (artifact id: '1165aadb64cddb14e9ebcfe97c45bc48') in 0.001873 seconds
Number of updated asset objects reloaded before import = 0
Number of asset objects unloaded after import = 0
========================================================================
Received Import Request.
  Time since last request: 0.000058 seconds.
  path: Assets/ArtskillZ Store/Free SciFi Textures/Wall01c.jpg
  artifactKey: Guid(600753e422bc1774ca89af0e8489c3c2) Importer(815301076,1909f56bfc062723c751e8b465ee728b)
Start importing Assets/ArtskillZ Store/Free SciFi Textures/Wall01c.jpg using Guid(600753e422bc1774ca89af0e8489c3c2) Importer(815301076,1909f56bfc062723c751e8b465ee728b)  -> (artifact id: '9923eff97b4e09a26d6348029c52c534') in 0.058252 seconds
Number of updated asset objects reloaded before import = 0
Number of asset objects unloaded after import = 2
========================================================================
Received Import Request.
  Time since last request: 0.000038 seconds.
  path: Assets/ArtskillZ Store/Free SciFi Textures/FloorTech04b.jpg
  artifactKey: Guid(c2a11949347328d4e9188627a7b0c6f5) Importer(815301076,1909f56bfc062723c751e8b465ee728b)
Start importing Assets/ArtskillZ Store/Free SciFi Textures/FloorTech04b.jpg using Guid(c2a11949347328d4e9188627a7b0c6f5) Importer(815301076,1909f56bfc062723c751e8b465ee728b)  -> (artifact id: '15c498ed1d702a84178c33792ef38312') in 0.043602 seconds
Number of updated asset objects reloaded before import = 0
Number of asset objects unloaded after import = 2
========================================================================
Received Import Request.
  Time since last request: 0.000060 seconds.
  path: Assets/ArtskillZ Store/Free SciFi Textures/FloorTech05e.jpg
  artifactKey: Guid(48c4d9dbf0e416b4db7d85db0a989085) Importer(815301076,1909f56bfc062723c751e8b465ee728b)
Start importing Assets/ArtskillZ Store/Free SciFi Textures/FloorTech05e.jpg using Guid(48c4d9dbf0e416b4db7d85db0a989085) Importer(815301076,1909f56bfc062723c751e8b465ee728b)  -> (artifact id: '2148583da6d69e55ab7ff1cb26029675') in 0.054439 seconds
Number of updated asset objects reloaded before import = 0
Number of asset objects unloaded after import = 2
========================================================================
Received Import Request.
  Time since last request: 1.905582 seconds.
  path: Assets/ArtskillZ Store/Free SciFi Textures/monsterspawner.cs
  artifactKey: Guid(7f323743c65a9664c8dc67c7bd9220c1) Importer(815301076,1909f56bfc062723c751e8b465ee728b)
Start importing Assets/ArtskillZ Store/Free SciFi Textures/monsterspawner.cs using Guid(7f323743c65a9664c8dc67c7bd9220c1) Importer(815301076,1909f56bfc062723c751e8b465ee728b)  -> (artifact id: '83292bbdedc445c06afa7b1de53b35d4') in 0.001917 seconds
Number of updated asset objects reloaded before import = 0
Number of asset objects unloaded after import = 0
========================================================================
Received Import Request.
  Time since last request: 81.357735 seconds.
  path: Assets/ArtskillZ Store/Free SciFi Textures/NewBehaviourScript.cs
  artifactKey: Guid(d97780913139a9f46b7b3e851d9daf83) Importer(815301076,1909f56bfc062723c751e8b465ee728b)
Start importing Assets/ArtskillZ Store/Free SciFi Textures/NewBehaviourScript.cs using Guid(d97780913139a9f46b7b3e851d9daf83) Importer(815301076,1909f56bfc062723c751e8b465ee728b)  -> (artifact id: 'f7437d4eaf98ae208d9949ceccc27d02') in 0.004012 seconds
Number of updated asset objects reloaded before import = 0
Number of asset objects unloaded after import = 0
========================================================================
Received Prepare
Begin MonoManager ReloadAssembly
- Loaded All Assemblies, in  1.036 seconds
Refreshing native plugins compatible for Editor in 11.24 ms, found 3 plugins.
Native extension for WindowsStandalone target not found
[Package Manager] Server::EnsureServerProcessIsRunning -- launch failed, reason: Unity was launched with the -noUpm command-line argument
[Package Manager] UpmClient::Send -- Unable to send message (not connected to UPM process).
[Package Manager] Cannot connect to Unity Package Manager local server
Mono: successfully reloaded assembly
- Finished resetting the current domain, in  3.011 seconds
Domain Reload Profiling: 4041ms
	BeginReloadAssembly (343ms)
		ExecutionOrderSort (0ms)
		DisableScriptedObjects (10ms)
		BackupInstance (0ms)
		ReleaseScriptingObjects (0ms)
		CreateAndSetChildDomain (100ms)
	RebuildCommonClasses (73ms)
	RebuildNativeTypeToScriptingClass (23ms)
	initialDomainReloadingComplete (71ms)
	LoadAllAssembliesAndSetupDomain (519ms)
		LoadAssemblies (662ms)
		RebuildTransferFunctionScriptingTraits (0ms)
		AnalyzeDomain (36ms)
			TypeCache.Refresh (15ms)
				TypeCache.ScanAssembly (1ms)
			ScanForSourceGeneratedMonoScriptInfo (10ms)
			ResolveRequiredComponents (9ms)
	FinalizeReload (3012ms)
		ReleaseScriptCaches (0ms)
		RebuildScriptCaches (0ms)
		SetupLoadedEditorAssemblies (774ms)
			LogAssemblyErrors (0ms)
			InitializePlatformSupportModulesInManaged (15ms)
			SetLoadedEditorAssemblies (10ms)
			RefreshPlugins (0ms)
			BeforeProcessingInitializeOnLoad (140ms)
			ProcessInitializeOnLoadAttributes (554ms)
			ProcessInitializeOnLoadMethodAttributes (38ms)
			AfterProcessingInitializeOnLoad (17ms)
			EditorAssembliesLoaded (0ms)
		ExecutionOrderSort2 (0ms)
		AwakeInstancesAfterBackupRestoration (18ms)
Refreshing native plugins compatible for Editor in 9.43 ms, found 3 plugins.
Preloading 0 native plugins for Editor in 0.00 ms.
Unloading 3163 Unused Serialized files (Serialized files now loaded: 0)
Unloading 24 unused Assets / (31.7 KB). Loaded Objects now: 3638.
Memory consumption went from 125.3 MB to 125.3 MB.
Total: 6.514600 ms (FindLiveObjects: 0.600700 ms CreateObjectMapping: 0.872300 ms MarkObjects: 4.961800 ms  DeleteObjects: 0.078300 ms)

Prepare: number of updated asset objects reloaded= 0
AssetImportParameters requested are different than current active one (requested -> active):
  custom:container-demuxer-ogg: 62fdf1f143b41e24485cea50d1cbac27 -> 
  custom:video-codec-MediaFoundation-h265: 746d11721c4dcdbdad8f713fa42b33f4 -> 
  custom:video-decoder-ogg-theora: a1e56fd34408186e4bbccfd4996cb3dc -> 
  custom:framework-win-MediaFoundation: 216162199b28c13a410421893ffa2e32 -> 
  custom:CustomObjectIndexerAttribute: 6d391050e5a25f67b0a2c618074f2cd9 -> 
  custom:container-demuxer-webm: 4f35f7cbe854078d1ac9338744f61a02 -> 
  custom:container-muxer-webm: aa71ff27fc2769a1b78a27578f13a17b -> 
  custom:video-decoder-webm-vp8: 9c59270c3fd7afecdb556c50c9e8de78 -> 
  custom:SearchIndexIgnoredProperties: e643bd26f0fe6173181afceb89e7c659 -> 
  custom:AudioImporter_EditorPlatform: d09bf68614088b80899f8185d706f6e7 -> 
  custom:video-encoder-webm-vp8: eb34c28f22e8b96e1ab97ce403110664 -> 
  custom:audio-decoder-ogg-vorbis: bf7c407c2cedff20999df2af8eb42d56 -> 
  custom:audio-encoder-webm-vorbis: bf7c407c2cedff20999df2af8eb42d56 -> 
========================================================================
Received Prepare
Begin MonoManager ReloadAssembly
- Loaded All Assemblies, in  1.150 seconds
Refreshing native plugins compatible for Editor in 40.06 ms, found 3 plugins.
Native extension for WindowsStandalone target not found
[Package Manager] Server::EnsureServerProcessIsRunning -- launch failed, reason: Unity was launched with the -noUpm command-line argument
[Package Manager] UpmClient::Send -- Unable to send message (not connected to UPM process).
[Package Manager] Cannot connect to Unity Package Manager local server
Mono: successfully reloaded assembly
- Finished resetting the current domain, in  3.003 seconds
Domain Reload Profiling: 4149ms
	BeginReloadAssembly (311ms)
		ExecutionOrderSort (0ms)
		DisableScriptedObjects (13ms)
		BackupInstance (0ms)
		ReleaseScriptingObjects (0ms)
		CreateAndSetChildDomain (61ms)
	RebuildCommonClasses (70ms)
	RebuildNativeTypeToScriptingClass (19ms)
	initialDomainReloadingComplete (65ms)
	LoadAllAssembliesAndSetupDomain (678ms)
		LoadAssemblies (821ms)
		RebuildTransferFunctionScriptingTraits (0ms)
		AnalyzeDomain (31ms)
			TypeCache.Refresh (17ms)
				TypeCache.ScanAssembly (0ms)
			ScanForSourceGeneratedMonoScriptInfo (0ms)
			ResolveRequiredComponents (11ms)
	FinalizeReload (3006ms)
		ReleaseScriptCaches (0ms)
		RebuildScriptCaches (0ms)
		SetupLoadedEditorAssemblies (1125ms)
			LogAssemblyErrors (0ms)
			InitializePlatformSupportModulesInManaged (23ms)
			SetLoadedEditorAssemblies (13ms)
			RefreshPlugins (0ms)
			BeforeProcessingInitializeOnLoad (168ms)
			ProcessInitializeOnLoadAttributes (834ms)
			ProcessInitializeOnLoadMethodAttributes (61ms)
			AfterProcessingInitializeOnLoad (27ms)
			EditorAssembliesLoaded (0ms)
		ExecutionOrderSort2 (0ms)
		AwakeInstancesAfterBackupRestoration (18ms)
Refreshing native plugins compatible for Editor in 23.01 ms, found 3 plugins.
Preloading 0 native plugins for Editor in 0.00 ms.
Unloading 3164 Unused Serialized files (Serialized files now loaded: 0)
Unloading 23 unused Assets / (31.1 KB). Loaded Objects now: 3641.
Memory consumption went from 127.5 MB to 127.5 MB.
Total: 7.065500 ms (FindLiveObjects: 0.826400 ms CreateObjectMapping: 0.181200 ms MarkObjects: 5.900000 ms  DeleteObjects: 0.154900 ms)

Prepare: number of updated asset objects reloaded= 0
AssetImportParameters requested are different than current active one (requested -> active):
  custom:container-demuxer-ogg: 62fdf1f143b41e24485cea50d1cbac27 -> 
  custom:video-codec-MediaFoundation-h265: 746d11721c4dcdbdad8f713fa42b33f4 -> 
  custom:video-decoder-ogg-theora: a1e56fd34408186e4bbccfd4996cb3dc -> 
  custom:framework-win-MediaFoundation: 216162199b28c13a410421893ffa2e32 -> 
  custom:CustomObjectIndexerAttribute: 6d391050e5a25f67b0a2c618074f2cd9 -> 
  custom:container-demuxer-webm: 4f35f7cbe854078d1ac9338744f61a02 -> 
  custom:container-muxer-webm: aa71ff27fc2769a1b78a27578f13a17b -> 
  custom:video-decoder-webm-vp8: 9c59270c3fd7afecdb556c50c9e8de78 -> 
  custom:SearchIndexIgnoredProperties: e643bd26f0fe6173181afceb89e7c659 -> 
  custom:AudioImporter_EditorPlatform: d09bf68614088b80899f8185d706f6e7 -> 
  custom:video-encoder-webm-vp8: eb34c28f22e8b96e1ab97ce403110664 -> 
  custom:audio-decoder-ogg-vorbis: bf7c407c2cedff20999df2af8eb42d56 -> 
  custom:audio-encoder-webm-vorbis: bf7c407c2cedff20999df2af8eb42d56 -> 
========================================================================
Received Import Request.
  Time since last request: 107.781376 seconds.
  path: Assets/ArtskillZ Store
  artifactKey: Guid(190a756aa8aabce4694ddab943826a6b) Importer(815301076,1909f56bfc062723c751e8b465ee728b)
Start importing Assets/ArtskillZ Store using Guid(190a756aa8aabce4694ddab943826a6b) Importer(815301076,1909f56bfc062723c751e8b465ee728b)  -> (artifact id: '3debd6824c8424c0ad59b90b3b9dc883') in 0.006056 seconds
Number of updated asset objects reloaded before import = 0
Number of asset objects unloaded after import = 0
========================================================================
Received Import Request.
  Time since last request: 0.677758 seconds.
  path: Assets/ArtskillZ Store/Free SciFi Textures
  artifactKey: Guid(4409d3299b6b0264d94affb03ceebb0c) Importer(815301076,1909f56bfc062723c751e8b465ee728b)
Start importing Assets/ArtskillZ Store/Free SciFi Textures using Guid(4409d3299b6b0264d94affb03ceebb0c) Importer(815301076,1909f56bfc062723c751e8b465ee728b)  -> (artifact id: '44b5141271b20a7e95c5c9391348dc7b') in 0.001566 seconds
Number of updated asset objects reloaded before import = 0
Number of asset objects unloaded after import = 0
========================================================================
Received Import Request.
  Time since last request: 10.380581 seconds.
  path: Assets/Same Gev Dudios
  artifactKey: Guid(6f4fd613c5644414e8f483494193200d) Importer(815301076,1909f56bfc062723c751e8b465ee728b)
Start importing Assets/Same Gev Dudios using Guid(6f4fd613c5644414e8f483494193200d) Importer(815301076,1909f56bfc062723c751e8b465ee728b)  -> (artifact id: 'b676d16246dfeb733b9a0bbf57eb919b') in 0.002139 seconds
Number of updated asset objects reloaded before import = 0
Number of asset objects unloaded after import = 0
========================================================================
Received Import Request.
  Time since last request: 1.217485 seconds.
  path: Assets/Same Gev Dudios/Sci-Fi Robots Bundle
  artifactKey: Guid(3fa4e59b32799194baede9559a301ee1) Importer(815301076,1909f56bfc062723c751e8b465ee728b)
Start importing Assets/Same Gev Dudios/Sci-Fi Robots Bundle using Guid(3fa4e59b32799194baede9559a301ee1) Importer(815301076,1909f56bfc062723c751e8b465ee728b)  -> (artifact id: '366df38a4d82fc334b8a189beb6acc66') in 0.001274 seconds
Number of updated asset objects reloaded before import = 0
Number of asset objects unloaded after import = 0
========================================================================
Received Import Request.
  Time since last request: 1.652303 seconds.
  path: Assets/Same Gev Dudios/Sci-Fi Robots Bundle/Models
  artifactKey: Guid(7f66653ae534e484aa75d874b9cc93d6) Importer(815301076,1909f56bfc062723c751e8b465ee728b)
Start importing Assets/Same Gev Dudios/Sci-Fi Robots Bundle/Models using Guid(7f66653ae534e484aa75d874b9cc93d6) Importer(815301076,1909f56bfc062723c751e8b465ee728b)  -> (artifact id: '9969a23e0f5cea1838708dec5fa5f083') in 0.001150 seconds
Number of updated asset objects reloaded before import = 0
Number of asset objects unloaded after import = 0
========================================================================
Received Import Request.
  Time since last request: 0.119290 seconds.
  path: Assets/Same Gev Dudios/Sci-Fi Robots Bundle/Models/Catherine.fbx
  artifactKey: Guid(371dce4e1cddc664dbe58267450ae1d8) Importer(815301076,1909f56bfc062723c751e8b465ee728b)
Start importing Assets/Same Gev Dudios/Sci-Fi Robots Bundle/Models/Catherine.fbx using Guid(371dce4e1cddc664dbe58267450ae1d8) Importer(815301076,1909f56bfc062723c751e8b465ee728b)  -> (artifact id: 'b24ccf41ab66fd71acf0e59792c7ce3f') in 0.457740 seconds
Number of updated asset objects reloaded before import = 0
Number of asset objects unloaded after import = 171
========================================================================
Received Import Request.
  Time since last request: 0.000121 seconds.
  path: Assets/Same Gev Dudios/Sci-Fi Robots Bundle/Models/Robert.fbx
  artifactKey: Guid(c31501b18d95d82419dad970a9527842) Importer(815301076,1909f56bfc062723c751e8b465ee728b)
Start importing Assets/Same Gev Dudios/Sci-Fi Robots Bundle/Models/Robert.fbx using Guid(c31501b18d95d82419dad970a9527842) Importer(815301076,1909f56bfc062723c751e8b465ee728b)  -> (artifact id: '86e98245663f61e132015c38cdc4e2d1') in 0.107218 seconds
Number of updated asset objects reloaded before import = 0
Number of asset objects unloaded after import = 167
========================================================================
Received Prepare
Begin MonoManager ReloadAssembly
- Loaded All Assemblies, in  1.033 seconds
Refreshing native plugins compatible for Editor in 17.12 ms, found 3 plugins.
Native extension for WindowsStandalone target not found
[Package Manager] Server::EnsureServerProcessIsRunning -- launch failed, reason: Unity was launched with the -noUpm command-line argument
[Package Manager] UpmClient::Send -- Unable to send message (not connected to UPM process).
[Package Manager] Cannot connect to Unity Package Manager local server
Mono: successfully reloaded assembly
- Finished resetting the current domain, in  4.039 seconds
Domain Reload Profiling: 5064ms
	BeginReloadAssembly (312ms)
		ExecutionOrderSort (0ms)
		DisableScriptedObjects (9ms)
		BackupInstance (0ms)
		ReleaseScriptingObjects (0ms)
		CreateAndSetChildDomain (82ms)
	RebuildCommonClasses (64ms)
	RebuildNativeTypeToScriptingClass (18ms)
	initialDomainReloadingComplete (74ms)
	LoadAllAssembliesAndSetupDomain (556ms)
		LoadAssemblies (696ms)
		RebuildTransferFunctionScriptingTraits (0ms)
		AnalyzeDomain (28ms)
			TypeCache.Refresh (13ms)
				TypeCache.ScanAssembly (0ms)
			ScanForSourceGeneratedMonoScriptInfo (1ms)
			ResolveRequiredComponents (11ms)
	FinalizeReload (4040ms)
		ReleaseScriptCaches (0ms)
		RebuildScriptCaches (0ms)
		SetupLoadedEditorAssemblies (1476ms)
			LogAssemblyErrors (0ms)
			InitializePlatformSupportModulesInManaged (31ms)
			SetLoadedEditorAssemblies (21ms)
			RefreshPlugins (0ms)
			BeforeProcessingInitializeOnLoad (330ms)
			ProcessInitializeOnLoadAttributes (1005ms)
			ProcessInitializeOnLoadMethodAttributes (60ms)
			AfterProcessingInitializeOnLoad (29ms)
			EditorAssembliesLoaded (1ms)
		ExecutionOrderSort2 (0ms)
		AwakeInstancesAfterBackupRestoration (20ms)
Refreshing native plugins compatible for Editor in 23.65 ms, found 3 plugins.
Preloading 0 native plugins for Editor in 0.00 ms.
Unloading 3163 Unused Serialized files (Serialized files now loaded: 0)
Unloading 23 unused Assets / (31.1 KB). Loaded Objects now: 3687.
Memory consumption went from 135.5 MB to 135.5 MB.
Total: 7.070000 ms (FindLiveObjects: 0.648800 ms CreateObjectMapping: 0.257600 ms MarkObjects: 5.940200 ms  DeleteObjects: 0.218500 ms)

Prepare: number of updated asset objects reloaded= 0
AssetImportParameters requested are different than current active one (requested -> active):
  custom:container-demuxer-ogg: 62fdf1f143b41e24485cea50d1cbac27 -> 
  custom:video-codec-MediaFoundation-h265: 746d11721c4dcdbdad8f713fa42b33f4 -> 
  custom:video-decoder-ogg-theora: a1e56fd34408186e4bbccfd4996cb3dc -> 
  custom:framework-win-MediaFoundation: 216162199b28c13a410421893ffa2e32 -> 
  custom:CustomObjectIndexerAttribute: 6d391050e5a25f67b0a2c618074f2cd9 -> 
  custom:container-demuxer-webm: 4f35f7cbe854078d1ac9338744f61a02 -> 
  custom:container-muxer-webm: aa71ff27fc2769a1b78a27578f13a17b -> 
  custom:video-decoder-webm-vp8: 9c59270c3fd7afecdb556c50c9e8de78 -> 
  custom:SearchIndexIgnoredProperties: e643bd26f0fe6173181afceb89e7c659 -> 
  custom:AudioImporter_EditorPlatform: d09bf68614088b80899f8185d706f6e7 -> 
  custom:video-encoder-webm-vp8: eb34c28f22e8b96e1ab97ce403110664 -> 
  custom:audio-decoder-ogg-vorbis: bf7c407c2cedff20999df2af8eb42d56 -> 
  custom:audio-encoder-webm-vorbis: bf7c407c2cedff20999df2af8eb42d56 -> 
