Using pre-set license
Built from '2022.3/release' branch; Version is '2022.3.18f1 (d29bea25151d) revision 13802474'; Using compiler version '192829333'; Build Type 'Release'
OS: 'Windows 11  (10.0.22621) 64bit Core' Language: 'en' Physical Memory: 16227 MB
BatchMode: 1, IsHumanControllingUs: 0, StartBugReporterOnCrash: 0, Is64bit: 1, IsPro: 1

COMMAND LINE ARGUMENTS:
C:\Program Files\Unity\Hub\Editor\2022.3.18f1\Editor\Unity.exe
-adb2
-batchMode
-noUpm
-name
AssetImportWorker3
-projectPath
C:/Users/sebas/OneDrive/Documents/GameMakerStudio2/JLSJ-game
-logFile
Logs/AssetImportWorker3.log
-srvPort
60848
Successfully changed project path to: C:/Users/sebas/OneDrive/Documents/GameMakerStudio2/JLSJ-game
C:/Users/sebas/OneDrive/Documents/GameMakerStudio2/JLSJ-game
[UnityMemory] Configuration Parameters - Can be set up in boot.config
    "memorysetup-bucket-allocator-granularity=16"
    "memorysetup-bucket-allocator-bucket-count=8"
    "memorysetup-bucket-allocator-block-size=33554432"
    "memorysetup-bucket-allocator-block-count=8"
    "memorysetup-main-allocator-block-size=16777216"
    "memorysetup-thread-allocator-block-size=16777216"
    "memorysetup-gfx-main-allocator-block-size=16777216"
    "memorysetup-gfx-thread-allocator-block-size=16777216"
    "memorysetup-cache-allocator-block-size=4194304"
    "memorysetup-typetree-allocator-block-size=2097152"
    "memorysetup-profiler-bucket-allocator-granularity=16"
    "memorysetup-profiler-bucket-allocator-bucket-count=8"
    "memorysetup-profiler-bucket-allocator-block-size=33554432"
    "memorysetup-profiler-bucket-allocator-block-count=8"
    "memorysetup-profiler-allocator-block-size=16777216"
    "memorysetup-profiler-editor-allocator-block-size=1048576"
    "memorysetup-temp-allocator-size-main=16777216"
    "memorysetup-job-temp-allocator-block-size=2097152"
    "memorysetup-job-temp-allocator-block-size-background=1048576"
    "memorysetup-job-temp-allocator-reduction-small-platforms=262144"
    "memorysetup-allocator-temp-initial-block-size-main=262144"
    "memorysetup-allocator-temp-initial-block-size-worker=262144"
    "memorysetup-temp-allocator-size-background-worker=32768"
    "memorysetup-temp-allocator-size-job-worker=262144"
    "memorysetup-temp-allocator-size-preload-manager=33554432"
    "memorysetup-temp-allocator-size-nav-mesh-worker=65536"
    "memorysetup-temp-allocator-size-audio-worker=65536"
    "memorysetup-temp-allocator-size-cloud-worker=32768"
    "memorysetup-temp-allocator-size-gi-baking-worker=262144"
    "memorysetup-temp-allocator-size-gfx=262144"
Player connection [25408] Host "[IP] 10.5.9.61 [Port] 0 [Flags] 2 [Guid] 1463198682 [EditorId] 1463198682 [Version] 1048832 [Id] WindowsEditor(7,MSI) [Debug] 1 [PackageName] WindowsEditor [ProjectName] Editor" joined multi-casting on [225.0.0.222:54997]...

Player connection [25408] Host "[IP] 10.5.9.61 [Port] 0 [Flags] 2 [Guid] 1463198682 [EditorId] 1463198682 [Version] 1048832 [Id] WindowsEditor(7,MSI) [Debug] 1 [PackageName] WindowsEditor [ProjectName] Editor" joined alternative multi-casting on [225.0.0.222:34997]...

[Physics::Module] Initialized MultithreadedJobDispatcher with 11 workers.
Refreshing native plugins compatible for Editor in 13.17 ms, found 3 plugins.
Preloading 0 native plugins for Editor in 0.00 ms.
Initialize engine version: 2022.3.18f1 (d29bea25151d)
[Subsystems] Discovering subsystems at path C:/Program Files/Unity/Hub/Editor/2022.3.18f1/Editor/Data/Resources/UnitySubsystems
[Subsystems] Discovering subsystems at path C:/Users/sebas/OneDrive/Documents/GameMakerStudio2/JLSJ-game/Assets
GfxDevice: creating device client; threaded=0; jobified=0
Direct3D:
    Version:  Direct3D 11.0 [level 11.1]
    Renderer: NVIDIA GeForce GTX 1660 Ti (ID=0x2191)
    Vendor:   NVIDIA
    VRAM:     5979 MB
    Driver:   31.0.15.2824
Initialize mono
Mono path[0] = 'C:/Program Files/Unity/Hub/Editor/2022.3.18f1/Editor/Data/Managed'
Mono path[1] = 'C:/Program Files/Unity/Hub/Editor/2022.3.18f1/Editor/Data/MonoBleedingEdge/lib/mono/unityjit-win32'
Mono config path = 'C:/Program Files/Unity/Hub/Editor/2022.3.18f1/Editor/Data/MonoBleedingEdge/etc'
Using monoOptions --debugger-agent=transport=dt_socket,embedding=1,server=y,suspend=n,address=127.0.0.1:56344
Begin MonoManager ReloadAssembly
Registering precompiled unity dll's ...
Register platform support module: C:/Program Files/Unity/Hub/Editor/2022.3.18f1/Editor/Data/PlaybackEngines/WebGLSupport/UnityEditor.WebGL.Extensions.dll
Register platform support module: C:/Program Files/Unity/Hub/Editor/2022.3.18f1/Editor/Data/PlaybackEngines/WindowsStandaloneSupport/UnityEditor.WindowsStandalone.Extensions.dll
Registered in 0.012916 seconds.
- Loaded All Assemblies, in  0.440 seconds
Native extension for WindowsStandalone target not found
Native extension for WebGL target not found
Mono: successfully reloaded assembly
- Finished resetting the current domain, in  0.299 seconds
Domain Reload Profiling: 736ms
	BeginReloadAssembly (119ms)
		ExecutionOrderSort (0ms)
		DisableScriptedObjects (0ms)
		BackupInstance (0ms)
		ReleaseScriptingObjects (0ms)
		CreateAndSetChildDomain (1ms)
	RebuildCommonClasses (52ms)
	RebuildNativeTypeToScriptingClass (12ms)
	initialDomainReloadingComplete (72ms)
	LoadAllAssembliesAndSetupDomain (182ms)
		LoadAssemblies (116ms)
		RebuildTransferFunctionScriptingTraits (0ms)
		AnalyzeDomain (179ms)
			TypeCache.Refresh (178ms)
				TypeCache.ScanAssembly (162ms)
			ScanForSourceGeneratedMonoScriptInfo (0ms)
			ResolveRequiredComponents (0ms)
	FinalizeReload (300ms)
		ReleaseScriptCaches (0ms)
		RebuildScriptCaches (0ms)
		SetupLoadedEditorAssemblies (235ms)
			LogAssemblyErrors (0ms)
			InitializePlatformSupportModulesInManaged (11ms)
			SetLoadedEditorAssemblies (6ms)
			RefreshPlugins (0ms)
			BeforeProcessingInitializeOnLoad (2ms)
			ProcessInitializeOnLoadAttributes (163ms)
			ProcessInitializeOnLoadMethodAttributes (52ms)
			AfterProcessingInitializeOnLoad (0ms)
			EditorAssembliesLoaded (0ms)
		ExecutionOrderSort2 (0ms)
		AwakeInstancesAfterBackupRestoration (0ms)
========================================================================
Worker process is ready to serve import requests
Begin MonoManager ReloadAssembly
- Loaded All Assemblies, in  0.832 seconds
Refreshing native plugins compatible for Editor in 8.18 ms, found 3 plugins.
Native extension for WindowsStandalone target not found
Native extension for WebGL target not found
Package Manager log level set to [2]
[Package Manager] Server::EnsureServerProcessIsRunning -- launch failed, reason: Unity was launched with the -noUpm command-line argument
[Package Manager] UpmClient::Send -- Unable to send message (not connected to UPM process).
[Package Manager] Cannot connect to Unity Package Manager local server
Mono: successfully reloaded assembly
- Finished resetting the current domain, in  0.898 seconds
Domain Reload Profiling: 1726ms
	BeginReloadAssembly (178ms)
		ExecutionOrderSort (0ms)
		DisableScriptedObjects (7ms)
		BackupInstance (0ms)
		ReleaseScriptingObjects (0ms)
		CreateAndSetChildDomain (24ms)
	RebuildCommonClasses (58ms)
	RebuildNativeTypeToScriptingClass (16ms)
	initialDomainReloadingComplete (66ms)
	LoadAllAssembliesAndSetupDomain (509ms)
		LoadAssemblies (358ms)
		RebuildTransferFunctionScriptingTraits (0ms)
		AnalyzeDomain (257ms)
			TypeCache.Refresh (220ms)
				TypeCache.ScanAssembly (198ms)
			ScanForSourceGeneratedMonoScriptInfo (30ms)
			ResolveRequiredComponents (6ms)
	FinalizeReload (899ms)
		ReleaseScriptCaches (0ms)
		RebuildScriptCaches (0ms)
		SetupLoadedEditorAssemblies (665ms)
			LogAssemblyErrors (0ms)
			InitializePlatformSupportModulesInManaged (13ms)
			SetLoadedEditorAssemblies (6ms)
			RefreshPlugins (0ms)
			BeforeProcessingInitializeOnLoad (73ms)
			ProcessInitializeOnLoadAttributes (513ms)
			ProcessInitializeOnLoadMethodAttributes (44ms)
			AfterProcessingInitializeOnLoad (15ms)
			EditorAssembliesLoaded (0ms)
		ExecutionOrderSort2 (0ms)
		AwakeInstancesAfterBackupRestoration (17ms)
Launched and connected shader compiler UnityShaderCompiler.exe after 0.08 seconds
Refreshing native plugins compatible for Editor in 4.57 ms, found 3 plugins.
Preloading 0 native plugins for Editor in 0.00 ms.
Unloading 3098 Unused Serialized files (Serialized files now loaded: 0)
Unloading 32 unused Assets / (56.9 KB). Loaded Objects now: 3563.
Memory consumption went from 123.2 MB to 123.2 MB.
Total: 3.281400 ms (FindLiveObjects: 0.329900 ms CreateObjectMapping: 0.214400 ms MarkObjects: 2.648500 ms  DeleteObjects: 0.087700 ms)

AssetImportParameters requested are different than current active one (requested -> active):
  custom:container-demuxer-ogg: 62fdf1f143b41e24485cea50d1cbac27 -> 
  custom:video-decoder-ogg-theora: a1e56fd34408186e4bbccfd4996cb3dc -> 
  custom:framework-win-MediaFoundation: 216162199b28c13a410421893ffa2e32 -> 
  custom:scripting/monoscript/fileName/NewBehaviourScript.cs: b21687ddb03d73bd9f0c1daecb9714de -> 
  custom:CustomObjectIndexerAttribute: 6d391050e5a25f67b0a2c618074f2cd9 -> 
  custom:container-demuxer-webm: 4f35f7cbe854078d1ac9338744f61a02 -> 
  custom:container-muxer-webm: aa71ff27fc2769a1b78a27578f13a17b -> 
  custom:video-decoder-webm-vp8: 9c59270c3fd7afecdb556c50c9e8de78 -> 
  custom:SearchIndexIgnoredProperties: e643bd26f0fe6173181afceb89e7c659 -> 
  custom:AudioImporter_EditorPlatform: d09bf68614088b80899f8185d706f6e7 -> 
  custom:video-encoder-webm-vp8: eb34c28f22e8b96e1ab97ce403110664 -> 
  custom:audio-decoder-ogg-vorbis: bf7c407c2cedff20999df2af8eb42d56 -> 
  custom:audio-encoder-webm-vorbis: bf7c407c2cedff20999df2af8eb42d56 -> 
========================================================================
Received Import Request.
  Time since last request: 114934.977322 seconds.
  path: Assets/sprite muzzle flashes/Purple/ef_5/ef_5_00002.png
  artifactKey: Guid(8cf9a6e8928ae6a42b0934dd962ad904) Importer(815301076,1909f56bfc062723c751e8b465ee728b)
Start importing Assets/sprite muzzle flashes/Purple/ef_5/ef_5_00002.png using Guid(8cf9a6e8928ae6a42b0934dd962ad904) Importer(815301076,1909f56bfc062723c751e8b465ee728b)  -> (artifact id: '165c68de39551a5a30a33102be1c461f') in 0.215248 seconds
Number of updated asset objects reloaded before import = 0
Number of asset objects unloaded after import = 3
========================================================================
Received Import Request.
  Time since last request: 0.000035 seconds.
  path: Assets/sprite muzzle flashes/Purple/ef_6/ef_6_00002.png
  artifactKey: Guid(9b7315b1f249f0c4980361f8c7f18dbd) Importer(815301076,1909f56bfc062723c751e8b465ee728b)
Start importing Assets/sprite muzzle flashes/Purple/ef_6/ef_6_00002.png using Guid(9b7315b1f249f0c4980361f8c7f18dbd) Importer(815301076,1909f56bfc062723c751e8b465ee728b)  -> (artifact id: 'e57ae650ed58e4f596f4096343ece836') in 0.042911 seconds
Number of updated asset objects reloaded before import = 0
Number of asset objects unloaded after import = 3
========================================================================
Received Import Request.
  Time since last request: 0.000068 seconds.
  path: Assets/sprite muzzle flashes/Red/ef_5/ef_5_00002.png
  artifactKey: Guid(64061109dc04a9b489c53b35b742dc25) Importer(815301076,1909f56bfc062723c751e8b465ee728b)
Start importing Assets/sprite muzzle flashes/Red/ef_5/ef_5_00002.png using Guid(64061109dc04a9b489c53b35b742dc25) Importer(815301076,1909f56bfc062723c751e8b465ee728b)  -> (artifact id: '79d08b50a421d799305ed1c4c0b93199') in 0.038693 seconds
Number of updated asset objects reloaded before import = 0
Number of asset objects unloaded after import = 3
========================================================================
Received Import Request.
  Time since last request: 0.000022 seconds.
  path: Assets/sprite muzzle flashes/Green/ef_5/ef_5_00002.png
  artifactKey: Guid(2cfa45b861c6d374e9ebcfb45910838f) Importer(815301076,1909f56bfc062723c751e8b465ee728b)
Start importing Assets/sprite muzzle flashes/Green/ef_5/ef_5_00002.png using Guid(2cfa45b861c6d374e9ebcfb45910838f) Importer(815301076,1909f56bfc062723c751e8b465ee728b)  -> (artifact id: 'acb0e697e57b0e5c78d9288b5ab21f03') in 0.051084 seconds
Number of updated asset objects reloaded before import = 0
Number of asset objects unloaded after import = 3
========================================================================
Received Import Request.
  Time since last request: 0.000022 seconds.
  path: Assets/sprite muzzle flashes/Blue/ef_6/ef_6_00003.png
  artifactKey: Guid(39741074d1e7be149b493cef566098dc) Importer(815301076,1909f56bfc062723c751e8b465ee728b)
Start importing Assets/sprite muzzle flashes/Blue/ef_6/ef_6_00003.png using Guid(39741074d1e7be149b493cef566098dc) Importer(815301076,1909f56bfc062723c751e8b465ee728b)  -> (artifact id: '233d0305c39b944b8bcbe022f7d46f51') in 0.043600 seconds
Number of updated asset objects reloaded before import = 0
Number of asset objects unloaded after import = 3
========================================================================
Received Import Request.
  Time since last request: 0.000016 seconds.
  path: Assets/sprite muzzle flashes/Green/ef_7/ef_7_00001.png
  artifactKey: Guid(6572817506da65b4092ff07d56bd14df) Importer(815301076,1909f56bfc062723c751e8b465ee728b)
Start importing Assets/sprite muzzle flashes/Green/ef_7/ef_7_00001.png using Guid(6572817506da65b4092ff07d56bd14df) Importer(815301076,1909f56bfc062723c751e8b465ee728b)  -> (artifact id: '0850aacf16f02617d3f4cbe3b88915d2') in 0.040145 seconds
Number of updated asset objects reloaded before import = 0
Number of asset objects unloaded after import = 3
========================================================================
Received Import Request.
  Time since last request: 0.141579 seconds.
  path: Assets/sprite muzzle flashes/Purple/ef_7/ef_7_00002.png
  artifactKey: Guid(c37133bfc71af2449807c9dd1cc57d7e) Importer(815301076,1909f56bfc062723c751e8b465ee728b)
Start importing Assets/sprite muzzle flashes/Purple/ef_7/ef_7_00002.png using Guid(c37133bfc71af2449807c9dd1cc57d7e) Importer(815301076,1909f56bfc062723c751e8b465ee728b)  -> (artifact id: '999125b6eedc138e226fbe75a96e610a') in 0.038336 seconds
Number of updated asset objects reloaded before import = 0
Number of asset objects unloaded after import = 3
========================================================================
Received Import Request.
  Time since last request: 0.000022 seconds.
  path: Assets/sprite muzzle flashes/Purple/ef_7/ef_7_00003.png
  artifactKey: Guid(abab63d1de03f184e978f25f04a8e0ed) Importer(815301076,1909f56bfc062723c751e8b465ee728b)
Start importing Assets/sprite muzzle flashes/Purple/ef_7/ef_7_00003.png using Guid(abab63d1de03f184e978f25f04a8e0ed) Importer(815301076,1909f56bfc062723c751e8b465ee728b)  -> (artifact id: '111650399c89f28d56d68842d8bae47a') in 0.042476 seconds
Number of updated asset objects reloaded before import = 0
Number of asset objects unloaded after import = 3
========================================================================
Received Import Request.
  Time since last request: 0.000052 seconds.
  path: Assets/sprite muzzle flashes/Green/ef_8/ef_8_00000.png
  artifactKey: Guid(20c16b04ba57d3b4dbb1153b84966d24) Importer(815301076,1909f56bfc062723c751e8b465ee728b)
Start importing Assets/sprite muzzle flashes/Green/ef_8/ef_8_00000.png using Guid(20c16b04ba57d3b4dbb1153b84966d24) Importer(815301076,1909f56bfc062723c751e8b465ee728b)  -> (artifact id: '5203ebc567643c230344ab9a336b438e') in 0.040578 seconds
Number of updated asset objects reloaded before import = 0
Number of asset objects unloaded after import = 3
========================================================================
Received Import Request.
  Time since last request: 0.000023 seconds.
  path: Assets/sprite muzzle flashes/Purple/ef_10/ef_10_00002.png
  artifactKey: Guid(093b98b1f9acbee4f9b92583f5fe4dcb) Importer(815301076,1909f56bfc062723c751e8b465ee728b)
Start importing Assets/sprite muzzle flashes/Purple/ef_10/ef_10_00002.png using Guid(093b98b1f9acbee4f9b92583f5fe4dcb) Importer(815301076,1909f56bfc062723c751e8b465ee728b)  -> (artifact id: 'f4d6f2dde7a2584c64472df8a686fe25') in 0.049729 seconds
Number of updated asset objects reloaded before import = 0
Number of asset objects unloaded after import = 3
========================================================================
Received Import Request.
  Time since last request: 0.000039 seconds.
  path: Assets/sprite muzzle flashes/Blue/ef_8/ef_8_00000.png
  artifactKey: Guid(7096ad4c7a2d2354cb36964b40914ae1) Importer(815301076,1909f56bfc062723c751e8b465ee728b)
Start importing Assets/sprite muzzle flashes/Blue/ef_8/ef_8_00000.png using Guid(7096ad4c7a2d2354cb36964b40914ae1) Importer(815301076,1909f56bfc062723c751e8b465ee728b)  -> (artifact id: '7c74ba2b61960432aed3799a487f0bee') in 0.042852 seconds
Number of updated asset objects reloaded before import = 0
Number of asset objects unloaded after import = 3
========================================================================
Received Import Request.
  Time since last request: 0.000073 seconds.
  path: Assets/sprite muzzle flashes/Purple/uzi 2/uzi 2_00000.png
  artifactKey: Guid(11b52a119b3f0864dbbca9d2cce7c3e6) Importer(815301076,1909f56bfc062723c751e8b465ee728b)
Start importing Assets/sprite muzzle flashes/Purple/uzi 2/uzi 2_00000.png using Guid(11b52a119b3f0864dbbca9d2cce7c3e6) Importer(815301076,1909f56bfc062723c751e8b465ee728b)  -> (artifact id: '3c6acedb13347d3b7f56aa4ea89fae26') in 0.051510 seconds
Number of updated asset objects reloaded before import = 0
Number of asset objects unloaded after import = 3
========================================================================
Received Import Request.
  Time since last request: 0.000027 seconds.
  path: Assets/sprite muzzle flashes/Red/ef_8/ef_8_00003.png
  artifactKey: Guid(3a9eb837981934c4cb9cb22f2f271b3d) Importer(815301076,1909f56bfc062723c751e8b465ee728b)
Start importing Assets/sprite muzzle flashes/Red/ef_8/ef_8_00003.png using Guid(3a9eb837981934c4cb9cb22f2f271b3d) Importer(815301076,1909f56bfc062723c751e8b465ee728b)  -> (artifact id: '934f20eafee171f62a14474631c90f05') in 0.043283 seconds
Number of updated asset objects reloaded before import = 0
Number of asset objects unloaded after import = 3
========================================================================
Received Import Request.
  Time since last request: 0.000043 seconds.
  path: Assets/sprite muzzle flashes/Red/uzi 2/uzi 2_00000.png
  artifactKey: Guid(7c0fab05188e36242bc638bf09824a70) Importer(815301076,1909f56bfc062723c751e8b465ee728b)
Start importing Assets/sprite muzzle flashes/Red/uzi 2/uzi 2_00000.png using Guid(7c0fab05188e36242bc638bf09824a70) Importer(815301076,1909f56bfc062723c751e8b465ee728b)  -> (artifact id: '161c898ba99bc5eae86b009c8600d420') in 0.045253 seconds
Number of updated asset objects reloaded before import = 0
Number of asset objects unloaded after import = 3
========================================================================
Received Import Request.
  Time since last request: 0.000026 seconds.
  path: Assets/sprite muzzle flashes/Red/uzi 2/uzi 2_00001.png
  artifactKey: Guid(a003ff4ad7887ce4a8bbd7187e100096) Importer(815301076,1909f56bfc062723c751e8b465ee728b)
Start importing Assets/sprite muzzle flashes/Red/uzi 2/uzi 2_00001.png using Guid(a003ff4ad7887ce4a8bbd7187e100096) Importer(815301076,1909f56bfc062723c751e8b465ee728b)  -> (artifact id: 'dac427c87ddb15b8e05352540a80ed94') in 0.047093 seconds
Number of updated asset objects reloaded before import = 0
Number of asset objects unloaded after import = 3
========================================================================
Received Import Request.
  Time since last request: 0.000023 seconds.
  path: Assets/sprite muzzle flashes/Green/ef_7/ef_7_00002.png
  artifactKey: Guid(ed572915f4e4d36459a82d5779aebb7c) Importer(815301076,1909f56bfc062723c751e8b465ee728b)
Start importing Assets/sprite muzzle flashes/Green/ef_7/ef_7_00002.png using Guid(ed572915f4e4d36459a82d5779aebb7c) Importer(815301076,1909f56bfc062723c751e8b465ee728b)  -> (artifact id: 'b9be893138be5f008a51267044396445') in 0.040349 seconds
Number of updated asset objects reloaded before import = 0
Number of asset objects unloaded after import = 3
========================================================================
Received Import Request.
  Time since last request: 0.000030 seconds.
  path: Assets/sprite muzzle flashes/Purple/ef_8/ef_8_00001.png
  artifactKey: Guid(70f79c41717dae048ba645949a21d2ca) Importer(815301076,1909f56bfc062723c751e8b465ee728b)
Start importing Assets/sprite muzzle flashes/Purple/ef_8/ef_8_00001.png using Guid(70f79c41717dae048ba645949a21d2ca) Importer(815301076,1909f56bfc062723c751e8b465ee728b)  -> (artifact id: 'faa5515a4aea1ce9859cecb7e474e04a') in 0.035259 seconds
Number of updated asset objects reloaded before import = 0
Number of asset objects unloaded after import = 3
========================================================================
Received Import Request.
  Time since last request: 0.000025 seconds.
  path: Assets/sprite muzzle flashes/Blue/ef_10/ef_10_00002.png
  artifactKey: Guid(38cad1360fb67ed43b770a64c6d3d4a3) Importer(815301076,1909f56bfc062723c751e8b465ee728b)
Start importing Assets/sprite muzzle flashes/Blue/ef_10/ef_10_00002.png using Guid(38cad1360fb67ed43b770a64c6d3d4a3) Importer(815301076,1909f56bfc062723c751e8b465ee728b)  -> (artifact id: '617d2b5fc5f30c1d46a92995e5c78af4') in 0.039748 seconds
Number of updated asset objects reloaded before import = 0
Number of asset objects unloaded after import = 3
========================================================================
Received Import Request.
  Time since last request: 0.000017 seconds.
  path: Assets/sprite muzzle flashes/Green/uzi 2/uzi 2_00000.png
  artifactKey: Guid(672407ee07ca79847a3553858de6e33b) Importer(815301076,1909f56bfc062723c751e8b465ee728b)
Start importing Assets/sprite muzzle flashes/Green/uzi 2/uzi 2_00000.png using Guid(672407ee07ca79847a3553858de6e33b) Importer(815301076,1909f56bfc062723c751e8b465ee728b)  -> (artifact id: '15ac304fdc6b0f36e75887e0ebed096a') in 0.036883 seconds
Number of updated asset objects reloaded before import = 0
Number of asset objects unloaded after import = 3
========================================================================
Received Import Request.
  Time since last request: 0.108735 seconds.
  path: Assets/sprite muzzle flashes/Green/uzi 2/uzi 2_00002.png
  artifactKey: Guid(ee794f9940db20e488c7cb8ae18aec7d) Importer(815301076,1909f56bfc062723c751e8b465ee728b)
Start importing Assets/sprite muzzle flashes/Green/uzi 2/uzi 2_00002.png using Guid(ee794f9940db20e488c7cb8ae18aec7d) Importer(815301076,1909f56bfc062723c751e8b465ee728b)  -> (artifact id: 'cf2f3265a83b77319c53195380da8749') in 0.037252 seconds
Number of updated asset objects reloaded before import = 0
Number of asset objects unloaded after import = 3
========================================================================
Received Import Request.
  Time since last request: 0.000020 seconds.
  path: Assets/sprite muzzle flashes/Blue/uzi 2/uzi 2_00004.png
  artifactKey: Guid(ae5b0c7ee4a140c4483a777e88ce8586) Importer(815301076,1909f56bfc062723c751e8b465ee728b)
Start importing Assets/sprite muzzle flashes/Blue/uzi 2/uzi 2_00004.png using Guid(ae5b0c7ee4a140c4483a777e88ce8586) Importer(815301076,1909f56bfc062723c751e8b465ee728b)  -> (artifact id: 'ace0db2774fae89691219124bbc2f47f') in 0.037744 seconds
Number of updated asset objects reloaded before import = 0
Number of asset objects unloaded after import = 3
========================================================================
Received Import Request.
  Time since last request: 0.000019 seconds.
  path: Assets/sprite muzzle flashes/Red/uzi 2/uzi 2_00003.png
  artifactKey: Guid(c346f32b63f573f4080d205c576c6cb8) Importer(815301076,1909f56bfc062723c751e8b465ee728b)
Start importing Assets/sprite muzzle flashes/Red/uzi 2/uzi 2_00003.png using Guid(c346f32b63f573f4080d205c576c6cb8) Importer(815301076,1909f56bfc062723c751e8b465ee728b)  -> (artifact id: 'a3e470767a8083261b1e2a66ca195087') in 0.037048 seconds
Number of updated asset objects reloaded before import = 0
Number of asset objects unloaded after import = 3
========================================================================
Received Import Request.
  Time since last request: 0.000032 seconds.
  path: Assets/sprite muzzle flashes/Red/uzi 2/uzi 2_00004.png
  artifactKey: Guid(825aab1326099f84caa22baed4353eca) Importer(815301076,1909f56bfc062723c751e8b465ee728b)
Start importing Assets/sprite muzzle flashes/Red/uzi 2/uzi 2_00004.png using Guid(825aab1326099f84caa22baed4353eca) Importer(815301076,1909f56bfc062723c751e8b465ee728b)  -> (artifact id: 'c5c97aa6194eb3e969728de54568ea55') in 0.035932 seconds
Number of updated asset objects reloaded before import = 0
Number of asset objects unloaded after import = 3
========================================================================
Received Import Request.
  Time since last request: 0.000048 seconds.
  path: Assets/sprite muzzle flashes/Blue/uzi 2/uzi 2_00005.png
  artifactKey: Guid(cd2747aa26d0a634791f726cd4f6615c) Importer(815301076,1909f56bfc062723c751e8b465ee728b)
Start importing Assets/sprite muzzle flashes/Blue/uzi 2/uzi 2_00005.png using Guid(cd2747aa26d0a634791f726cd4f6615c) Importer(815301076,1909f56bfc062723c751e8b465ee728b)  -> (artifact id: 'd3e07541f2bb2f50ca35fda2a466c905') in 0.040224 seconds
Number of updated asset objects reloaded before import = 0
Number of asset objects unloaded after import = 3
========================================================================
Received Import Request.
  Time since last request: 0.000073 seconds.
  path: Assets/sprite muzzle flashes/Red/uzi 2/uzi 2_00005.png
  artifactKey: Guid(c3ed71dab4c3d6545b675ffe3bcb40c1) Importer(815301076,1909f56bfc062723c751e8b465ee728b)
Start importing Assets/sprite muzzle flashes/Red/uzi 2/uzi 2_00005.png using Guid(c3ed71dab4c3d6545b675ffe3bcb40c1) Importer(815301076,1909f56bfc062723c751e8b465ee728b)  -> (artifact id: '70d1b1dc1571fb1ddd751e8bf93d6f76') in 0.041161 seconds
Number of updated asset objects reloaded before import = 0
Number of asset objects unloaded after import = 3
========================================================================
Received Import Request.
  Time since last request: 14.883022 seconds.
  path: Assets/Materials/lambert1_Mixed_AO 1.mat
  artifactKey: Guid(0b2c5ea8582067e419cb52fb87dbd9ad) Importer(815301076,1909f56bfc062723c751e8b465ee728b)
Start importing Assets/Materials/lambert1_Mixed_AO 1.mat using Guid(0b2c5ea8582067e419cb52fb87dbd9ad) Importer(815301076,1909f56bfc062723c751e8b465ee728b)  -> (artifact id: '5fee9ad99ce10f661bdbf2fca205432e') in 0.088225 seconds
Number of updated asset objects reloaded before import = 0
Number of asset objects unloaded after import = 2
========================================================================
Received Import Request.
  Time since last request: 0.000031 seconds.
  path: Assets/Materials/lambert1_Normal_OpenGL 2.mat
  artifactKey: Guid(ab9ccdf876256a04c9d5252bfc2187d7) Importer(815301076,1909f56bfc062723c751e8b465ee728b)
Start importing Assets/Materials/lambert1_Normal_OpenGL 2.mat using Guid(ab9ccdf876256a04c9d5252bfc2187d7) Importer(815301076,1909f56bfc062723c751e8b465ee728b)  -> (artifact id: '375d9686115be66b2440f30c691af308') in 0.022099 seconds
Number of updated asset objects reloaded before import = 0
Number of asset objects unloaded after import = 2
Editor requested this worker to shutdown with reason: Scaling down because of idle timeout
TcpMessagingSession - receive error: operation aborted. errorcode: 995, details: The I/O operation has been aborted because of either a thread exit or an application request.
AssetImportWorker is now disconnected from the server
Process exiting
Exiting without the bug reporter. Application will terminate with return code 0