Using pre-set license
Built from '2022.3/release' branch; Version is '2022.3.18f1 (d29bea25151d) revision 13802474'; Using compiler version '192829333'; Build Type 'Release'
OS: 'Windows 11  (10.0.22621) 64bit Core' Language: 'en' Physical Memory: 16208 MB
BatchMode: 1, IsHumanControllingUs: 0, StartBugReporterOnCrash: 0, Is64bit: 1, IsPro: 1

COMMAND LINE ARGUMENTS:
C:\Program Files\Unity\Hub\Editor\2022.3.18f1\Editor\Unity.exe
-adb2
-batchMode
-noUpm
-name
AssetImportWorker0
-projectPath
C:/Users/cocja/OneDrive/Documents/GitHub/JLSJ-game
-logFile
Logs/AssetImportWorker0.log
-srvPort
57214
Successfully changed project path to: C:/Users/cocja/OneDrive/Documents/GitHub/JLSJ-game
C:/Users/cocja/OneDrive/Documents/GitHub/JLSJ-game
[UnityMemory] Configuration Parameters - Can be set up in boot.config
    "memorysetup-bucket-allocator-granularity=16"
    "memorysetup-bucket-allocator-bucket-count=8"
    "memorysetup-bucket-allocator-block-size=33554432"
    "memorysetup-bucket-allocator-block-count=8"
    "memorysetup-main-allocator-block-size=16777216"
    "memorysetup-thread-allocator-block-size=16777216"
    "memorysetup-gfx-main-allocator-block-size=16777216"
    "memorysetup-gfx-thread-allocator-block-size=16777216"
    "memorysetup-cache-allocator-block-size=4194304"
    "memorysetup-typetree-allocator-block-size=2097152"
    "memorysetup-profiler-bucket-allocator-granularity=16"
    "memorysetup-profiler-bucket-allocator-bucket-count=8"
    "memorysetup-profiler-bucket-allocator-block-size=33554432"
    "memorysetup-profiler-bucket-allocator-block-count=8"
    "memorysetup-profiler-allocator-block-size=16777216"
    "memorysetup-profiler-editor-allocator-block-size=1048576"
    "memorysetup-temp-allocator-size-main=16777216"
    "memorysetup-job-temp-allocator-block-size=2097152"
    "memorysetup-job-temp-allocator-block-size-background=1048576"
    "memorysetup-job-temp-allocator-reduction-small-platforms=262144"
    "memorysetup-allocator-temp-initial-block-size-main=262144"
    "memorysetup-allocator-temp-initial-block-size-worker=262144"
    "memorysetup-temp-allocator-size-background-worker=32768"
    "memorysetup-temp-allocator-size-job-worker=262144"
    "memorysetup-temp-allocator-size-preload-manager=33554432"
    "memorysetup-temp-allocator-size-nav-mesh-worker=65536"
    "memorysetup-temp-allocator-size-audio-worker=65536"
    "memorysetup-temp-allocator-size-cloud-worker=32768"
    "memorysetup-temp-allocator-size-gi-baking-worker=262144"
    "memorysetup-temp-allocator-size-gfx=262144"
Player connection [25836] Host "[IP] 10.5.1.73 [Port] 0 [Flags] 2 [Guid] 2965681066 [EditorId] 2965681066 [Version] 1048832 [Id] WindowsEditor(7,Jack-Lab) [Debug] 1 [PackageName] WindowsEditor [ProjectName] Editor" joined multi-casting on [225.0.0.222:54997]...

Player connection [25836] Host "[IP] 10.5.1.73 [Port] 0 [Flags] 2 [Guid] 2965681066 [EditorId] 2965681066 [Version] 1048832 [Id] WindowsEditor(7,Jack-Lab) [Debug] 1 [PackageName] WindowsEditor [ProjectName] Editor" joined alternative multi-casting on [225.0.0.222:34997]...

[Physics::Module] Initialized MultithreadedJobDispatcher with 11 workers.
Refreshing native plugins compatible for Editor in 10.27 ms, found 3 plugins.
Preloading 0 native plugins for Editor in 0.00 ms.
Initialize engine version: 2022.3.18f1 (d29bea25151d)
[Subsystems] Discovering subsystems at path C:/Program Files/Unity/Hub/Editor/2022.3.18f1/Editor/Data/Resources/UnitySubsystems
[Subsystems] Discovering subsystems at path C:/Users/cocja/OneDrive/Documents/GitHub/JLSJ-game/Assets
GfxDevice: creating device client; threaded=0; jobified=0
Direct3D:
    Version:  Direct3D 11.0 [level 11.1]
    Renderer: Intel(R) Iris(R) Xe Graphics (ID=0x46a8)
    Vendor:   Intel
    VRAM:     8104 MB
    Driver:   31.0.101.4502
Initialize mono
Mono path[0] = 'C:/Program Files/Unity/Hub/Editor/2022.3.18f1/Editor/Data/Managed'
Mono path[1] = 'C:/Program Files/Unity/Hub/Editor/2022.3.18f1/Editor/Data/MonoBleedingEdge/lib/mono/unityjit-win32'
Mono config path = 'C:/Program Files/Unity/Hub/Editor/2022.3.18f1/Editor/Data/MonoBleedingEdge/etc'
Using monoOptions --debugger-agent=transport=dt_socket,embedding=1,server=y,suspend=n,address=127.0.0.1:56940
Begin MonoManager ReloadAssembly
Registering precompiled unity dll's ...
Register platform support module: C:/Program Files/Unity/Hub/Editor/2022.3.18f1/Editor/Data/PlaybackEngines/WindowsStandaloneSupport/UnityEditor.WindowsStandalone.Extensions.dll
Registered in 0.013657 seconds.
- Loaded All Assemblies, in  0.629 seconds
Native extension for WindowsStandalone target not found
Mono: successfully reloaded assembly
- Finished resetting the current domain, in  0.422 seconds
Domain Reload Profiling: 1049ms
	BeginReloadAssembly (241ms)
		ExecutionOrderSort (0ms)
		DisableScriptedObjects (0ms)
		BackupInstance (0ms)
		ReleaseScriptingObjects (0ms)
		CreateAndSetChildDomain (1ms)
	RebuildCommonClasses (47ms)
	RebuildNativeTypeToScriptingClass (11ms)
	initialDomainReloadingComplete (85ms)
	LoadAllAssembliesAndSetupDomain (242ms)
		LoadAssemblies (238ms)
		RebuildTransferFunctionScriptingTraits (0ms)
		AnalyzeDomain (239ms)
			TypeCache.Refresh (238ms)
				TypeCache.ScanAssembly (223ms)
			ScanForSourceGeneratedMonoScriptInfo (0ms)
			ResolveRequiredComponents (1ms)
	FinalizeReload (423ms)
		ReleaseScriptCaches (0ms)
		RebuildScriptCaches (0ms)
		SetupLoadedEditorAssemblies (326ms)
			LogAssemblyErrors (0ms)
			InitializePlatformSupportModulesInManaged (17ms)
			SetLoadedEditorAssemblies (14ms)
			RefreshPlugins (0ms)
			BeforeProcessingInitializeOnLoad (4ms)
			ProcessInitializeOnLoadAttributes (224ms)
			ProcessInitializeOnLoadMethodAttributes (67ms)
			AfterProcessingInitializeOnLoad (0ms)
			EditorAssembliesLoaded (0ms)
		ExecutionOrderSort2 (0ms)
		AwakeInstancesAfterBackupRestoration (0ms)
========================================================================
Worker process is ready to serve import requests
Begin MonoManager ReloadAssembly
- Loaded All Assemblies, in  0.820 seconds
Refreshing native plugins compatible for Editor in 10.20 ms, found 3 plugins.
Native extension for WindowsStandalone target not found
Package Manager log level set to [2]
[Package Manager] Server::EnsureServerProcessIsRunning -- launch failed, reason: Unity was launched with the -noUpm command-line argument
[Package Manager] UpmClient::Send -- Unable to send message (not connected to UPM process).
[Package Manager] Cannot connect to Unity Package Manager local server
Mono: successfully reloaded assembly
- Finished resetting the current domain, in  0.673 seconds
Domain Reload Profiling: 1489ms
	BeginReloadAssembly (210ms)
		ExecutionOrderSort (0ms)
		DisableScriptedObjects (7ms)
		BackupInstance (0ms)
		ReleaseScriptingObjects (0ms)
		CreateAndSetChildDomain (23ms)
	RebuildCommonClasses (53ms)
	RebuildNativeTypeToScriptingClass (10ms)
	initialDomainReloadingComplete (57ms)
	LoadAllAssembliesAndSetupDomain (485ms)
		LoadAssemblies (416ms)
		RebuildTransferFunctionScriptingTraits (0ms)
		AnalyzeDomain (204ms)
			TypeCache.Refresh (182ms)
				TypeCache.ScanAssembly (160ms)
			ScanForSourceGeneratedMonoScriptInfo (17ms)
			ResolveRequiredComponents (3ms)
	FinalizeReload (674ms)
		ReleaseScriptCaches (0ms)
		RebuildScriptCaches (0ms)
		SetupLoadedEditorAssemblies (507ms)
			LogAssemblyErrors (0ms)
			InitializePlatformSupportModulesInManaged (12ms)
			SetLoadedEditorAssemblies (6ms)
			RefreshPlugins (0ms)
			BeforeProcessingInitializeOnLoad (92ms)
			ProcessInitializeOnLoadAttributes (362ms)
			ProcessInitializeOnLoadMethodAttributes (22ms)
			AfterProcessingInitializeOnLoad (13ms)
			EditorAssembliesLoaded (0ms)
		ExecutionOrderSort2 (0ms)
		AwakeInstancesAfterBackupRestoration (7ms)
Launched and connected shader compiler UnityShaderCompiler.exe after 0.07 seconds
Refreshing native plugins compatible for Editor in 4.86 ms, found 3 plugins.
Preloading 0 native plugins for Editor in 0.00 ms.
Unloading 3092 Unused Serialized files (Serialized files now loaded: 0)
Unloading 32 unused Assets / (56.9 KB). Loaded Objects now: 3553.
Memory consumption went from 123.0 MB to 122.9 MB.
Total: 4.104900 ms (FindLiveObjects: 0.307400 ms CreateObjectMapping: 0.131900 ms MarkObjects: 3.539800 ms  DeleteObjects: 0.124300 ms)

AssetImportParameters requested are different than current active one (requested -> active):
  custom:container-demuxer-ogg: 62fdf1f143b41e24485cea50d1cbac27 -> 
  custom:video-codec-MediaFoundation-h265: 746d11721c4dcdbdad8f713fa42b33f4 -> 
  custom:video-decoder-ogg-theora: a1e56fd34408186e4bbccfd4996cb3dc -> 
  custom:framework-win-MediaFoundation: 216162199b28c13a410421893ffa2e32 -> 
  custom:CustomObjectIndexerAttribute: 6d391050e5a25f67b0a2c618074f2cd9 -> 
  custom:container-demuxer-webm: 4f35f7cbe854078d1ac9338744f61a02 -> 
  custom:container-muxer-webm: aa71ff27fc2769a1b78a27578f13a17b -> 
  custom:video-decoder-webm-vp8: 9c59270c3fd7afecdb556c50c9e8de78 -> 
  custom:SearchIndexIgnoredProperties: e643bd26f0fe6173181afceb89e7c659 -> 
  custom:AudioImporter_EditorPlatform: d09bf68614088b80899f8185d706f6e7 -> 
  custom:video-encoder-webm-vp8: eb34c28f22e8b96e1ab97ce403110664 -> 
  custom:audio-decoder-ogg-vorbis: bf7c407c2cedff20999df2af8eb42d56 -> 
  custom:audio-encoder-webm-vorbis: bf7c407c2cedff20999df2af8eb42d56 -> 
  custom:scripting/precompiled-assembly-types:Assembly-CSharp: d463c21b798ddc70e03db7c1013d4d9c -> b4cef5b5af68aa77d55f054522612b17
  custom:scripting/monoscript/fileName/NewBehaviourScript.cs:  -> b21687ddb03d73bd9f0c1daecb9714de
========================================================================
Received Prepare
Begin MonoManager ReloadAssembly
- Loaded All Assemblies, in  0.594 seconds
Refreshing native plugins compatible for Editor in 7.08 ms, found 3 plugins.
Native extension for WindowsStandalone target not found
[Package Manager] Server::EnsureServerProcessIsRunning -- launch failed, reason: Unity was launched with the -noUpm command-line argument
[Package Manager] UpmClient::Send -- Unable to send message (not connected to UPM process).
[Package Manager] Cannot connect to Unity Package Manager local server
Mono: successfully reloaded assembly
- Finished resetting the current domain, in  1.191 seconds
Domain Reload Profiling: 1776ms
	BeginReloadAssembly (216ms)
		ExecutionOrderSort (0ms)
		DisableScriptedObjects (8ms)
		BackupInstance (0ms)
		ReleaseScriptingObjects (0ms)
		CreateAndSetChildDomain (40ms)
	RebuildCommonClasses (41ms)
	RebuildNativeTypeToScriptingClass (10ms)
	initialDomainReloadingComplete (42ms)
	LoadAllAssembliesAndSetupDomain (275ms)
		LoadAssemblies (389ms)
		RebuildTransferFunctionScriptingTraits (0ms)
		AnalyzeDomain (16ms)
			TypeCache.Refresh (5ms)
				TypeCache.ScanAssembly (0ms)
			ScanForSourceGeneratedMonoScriptInfo (0ms)
			ResolveRequiredComponents (8ms)
	FinalizeReload (1192ms)
		ReleaseScriptCaches (0ms)
		RebuildScriptCaches (0ms)
		SetupLoadedEditorAssemblies (472ms)
			LogAssemblyErrors (0ms)
			InitializePlatformSupportModulesInManaged (9ms)
			SetLoadedEditorAssemblies (6ms)
			RefreshPlugins (0ms)
			BeforeProcessingInitializeOnLoad (76ms)
			ProcessInitializeOnLoadAttributes (347ms)
			ProcessInitializeOnLoadMethodAttributes (27ms)
			AfterProcessingInitializeOnLoad (8ms)
			EditorAssembliesLoaded (0ms)
		ExecutionOrderSort2 (0ms)
		AwakeInstancesAfterBackupRestoration (8ms)
Refreshing native plugins compatible for Editor in 4.83 ms, found 3 plugins.
Preloading 0 native plugins for Editor in 0.00 ms.
Unloading 3085 Unused Serialized files (Serialized files now loaded: 0)
Unloading 23 unused Assets / (31.0 KB). Loaded Objects now: 3556.
Memory consumption went from 124.0 MB to 123.9 MB.
Total: 3.894400 ms (FindLiveObjects: 0.315700 ms CreateObjectMapping: 0.131700 ms MarkObjects: 3.368100 ms  DeleteObjects: 0.076900 ms)

Prepare: number of updated asset objects reloaded= 0
AssetImportParameters requested are different than current active one (requested -> active):
  custom:container-demuxer-ogg: 62fdf1f143b41e24485cea50d1cbac27 -> 
  custom:video-codec-MediaFoundation-h265: 746d11721c4dcdbdad8f713fa42b33f4 -> 
  custom:video-decoder-ogg-theora: a1e56fd34408186e4bbccfd4996cb3dc -> 
  custom:framework-win-MediaFoundation: 216162199b28c13a410421893ffa2e32 -> 
  custom:CustomObjectIndexerAttribute: 6d391050e5a25f67b0a2c618074f2cd9 -> 
  custom:container-demuxer-webm: 4f35f7cbe854078d1ac9338744f61a02 -> 
  custom:container-muxer-webm: aa71ff27fc2769a1b78a27578f13a17b -> 
  custom:video-decoder-webm-vp8: 9c59270c3fd7afecdb556c50c9e8de78 -> 
  custom:SearchIndexIgnoredProperties: e643bd26f0fe6173181afceb89e7c659 -> 
  custom:AudioImporter_EditorPlatform: d09bf68614088b80899f8185d706f6e7 -> 
  custom:video-encoder-webm-vp8: eb34c28f22e8b96e1ab97ce403110664 -> 
  custom:audio-decoder-ogg-vorbis: bf7c407c2cedff20999df2af8eb42d56 -> 
  custom:audio-encoder-webm-vorbis: bf7c407c2cedff20999df2af8eb42d56 -> 
========================================================================
Received Import Request.
  Time since last request: 1560020.951973 seconds.
  path: Assets/ArtskillZ Store/Free SciFi Textures/NewBehaviourScript.cs
  artifactKey: Guid(7f323743c65a9664c8dc67c7bd9220c1) Importer(815301076,1909f56bfc062723c751e8b465ee728b)
Start importing Assets/ArtskillZ Store/Free SciFi Textures/NewBehaviourScript.cs using Guid(7f323743c65a9664c8dc67c7bd9220c1) Importer(815301076,1909f56bfc062723c751e8b465ee728b)  -> (artifact id: '1e6030ec2f13d7feeb350b1168a95006') in 0.003241 seconds
Number of updated asset objects reloaded before import = 0
Number of asset objects unloaded after import = 0
========================================================================
Received Import Request.
  Time since last request: 38.278523 seconds.
  path: Assets/NewBehaviourScript.cs
  artifactKey: Guid(d1c4a630557c40d42a19a0c35babdf36) Importer(815301076,1909f56bfc062723c751e8b465ee728b)
Start importing Assets/NewBehaviourScript.cs using Guid(d1c4a630557c40d42a19a0c35babdf36) Importer(815301076,1909f56bfc062723c751e8b465ee728b)  -> (artifact id: 'fe4bf1ce9483000fb25a2fe3c8e428c1') in 0.001008 seconds
Number of updated asset objects reloaded before import = 0
Number of asset objects unloaded after import = 0
========================================================================
Received Import Request.
  Time since last request: 202.906380 seconds.
  path: Assets/scripts 1/enemyAi.cs
  artifactKey: Guid(12c79065964401c459c3fade9d267c95) Importer(815301076,1909f56bfc062723c751e8b465ee728b)
Start importing Assets/scripts 1/enemyAi.cs using Guid(12c79065964401c459c3fade9d267c95) Importer(815301076,1909f56bfc062723c751e8b465ee728b)  -> (artifact id: 'cc1717b0ce68d8cf56ba202449eec9dd') in 0.002269 seconds
Number of updated asset objects reloaded before import = 0
Number of asset objects unloaded after import = 0
========================================================================
Received Import Request.
  Time since last request: 70.399316 seconds.
  path: Assets/New Material.mat
  artifactKey: Guid(86ce70a3420eed649a9bbf8c5a2a4b74) Importer(2089858483,0ecaa5967403d082aa24f35e1b516d23)
Start importing Assets/New Material.mat using Guid(86ce70a3420eed649a9bbf8c5a2a4b74) Importer(2089858483,0ecaa5967403d082aa24f35e1b516d23) Generated GUIDs only implemented for interfaces!
 -> (artifact id: '62afa9f89d3a927b7f0b1f001e405d86') in 0.218942 seconds
Number of updated asset objects reloaded before import = 0
Number of asset objects unloaded after import = 1
========================================================================
Received Import Request.
  Time since last request: 0.000030 seconds.
  path: Assets/ArtskillZ Store/Free SciFi Textures/FloorTech08.jpg
  artifactKey: Guid(75f218808149df049abd40c8110904b0) Importer(2089858483,0ecaa5967403d082aa24f35e1b516d23)
Start importing Assets/ArtskillZ Store/Free SciFi Textures/FloorTech08.jpg using Guid(75f218808149df049abd40c8110904b0) Importer(2089858483,0ecaa5967403d082aa24f35e1b516d23) Generated GUIDs only implemented for interfaces!
 -> (artifact id: '87c7e2229913816c32644c3a0d46263d') in 0.074693 seconds
Number of updated asset objects reloaded before import = 0
Number of asset objects unloaded after import = 1
========================================================================
Received Import Request.
  Time since last request: 0.000098 seconds.
  path: Assets/ArtskillZ Store/Free SciFi Textures/Materials/FloorTech01c 1.mat
  artifactKey: Guid(9495047db4db3e944aaa956828f7e4e2) Importer(2089858483,0ecaa5967403d082aa24f35e1b516d23)
Start importing Assets/ArtskillZ Store/Free SciFi Textures/Materials/FloorTech01c 1.mat using Guid(9495047db4db3e944aaa956828f7e4e2) Importer(2089858483,0ecaa5967403d082aa24f35e1b516d23) Generated GUIDs only implemented for interfaces!
 -> (artifact id: '2630dc374c36b0f37004d470b4c9f719') in 0.013851 seconds
Number of updated asset objects reloaded before import = 0
Number of asset objects unloaded after import = 1
========================================================================
Received Import Request.
  Time since last request: 0.000040 seconds.
  path: Assets/scripts 1/PlayerMovement.cs
  artifactKey: Guid(421e0e23dc92cb64f842257129a07cd6) Importer(2089858483,0ecaa5967403d082aa24f35e1b516d23)
Start importing Assets/scripts 1/PlayerMovement.cs using Guid(421e0e23dc92cb64f842257129a07cd6) Importer(2089858483,0ecaa5967403d082aa24f35e1b516d23) Generated GUIDs only implemented for interfaces!
 -> (artifact id: '377c147b38bcc071dda8beecce45ccc5') in 0.008855 seconds
Number of updated asset objects reloaded before import = 0
Number of asset objects unloaded after import = 1
========================================================================
Received Import Request.
  Time since last request: 0.000033 seconds.
  path: Assets/ArtskillZ Store/Free SciFi Textures/FloorTech05b.jpg
  artifactKey: Guid(e036868503c373f4e88f20a8798780e6) Importer(2089858483,0ecaa5967403d082aa24f35e1b516d23)
Start importing Assets/ArtskillZ Store/Free SciFi Textures/FloorTech05b.jpg using Guid(e036868503c373f4e88f20a8798780e6) Importer(2089858483,0ecaa5967403d082aa24f35e1b516d23) Generated GUIDs only implemented for interfaces!
 -> (artifact id: '81f417304085858947a9ba1b9b6b983f') in 0.036729 seconds
Number of updated asset objects reloaded before import = 0
Number of asset objects unloaded after import = 1
========================================================================
Received Import Request.
  Time since last request: 0.000107 seconds.
  path: Assets/textures/lambert1_Normal_OpenGL.png
  artifactKey: Guid(a529e7e6343937e449f15cae4a419c12) Importer(2089858483,0ecaa5967403d082aa24f35e1b516d23)
Start importing Assets/textures/lambert1_Normal_OpenGL.png using Guid(a529e7e6343937e449f15cae4a419c12) Importer(2089858483,0ecaa5967403d082aa24f35e1b516d23) Generated GUIDs only implemented for interfaces!
 -> (artifact id: '06b64084cec71a8c46f2be300fe8a123') in 0.034712 seconds
Number of updated asset objects reloaded before import = 0
Number of asset objects unloaded after import = 1
========================================================================
Received Import Request.
  Time since last request: 0.000029 seconds.
  path: Assets/ArtskillZ Store/Free SciFi Textures/FloorTech05d.jpg
  artifactKey: Guid(779ff4ba82558904b843b447ed7cf44f) Importer(2089858483,0ecaa5967403d082aa24f35e1b516d23)
Start importing Assets/ArtskillZ Store/Free SciFi Textures/FloorTech05d.jpg using Guid(779ff4ba82558904b843b447ed7cf44f) Importer(2089858483,0ecaa5967403d082aa24f35e1b516d23) Generated GUIDs only implemented for interfaces!
 -> (artifact id: 'cb6bed4e02bfdc89e1c80d6f5cbec65e') in 0.028030 seconds
Number of updated asset objects reloaded before import = 0
Number of asset objects unloaded after import = 1
========================================================================
Received Import Request.
  Time since last request: 0.000022 seconds.
  path: Assets/source/cyberpunkgun.fbx
  artifactKey: Guid(b2264c9bdbaf37c4992475d2f80afd54) Importer(2089858483,0ecaa5967403d082aa24f35e1b516d23)
Start importing Assets/source/cyberpunkgun.fbx using Guid(b2264c9bdbaf37c4992475d2f80afd54) Importer(2089858483,0ecaa5967403d082aa24f35e1b516d23) Generated GUIDs only implemented for interfaces!
 -> (artifact id: '83f603935c2ec7bfac95e9bccd23a977') in 0.096538 seconds
Number of updated asset objects reloaded before import = 0
Number of asset objects unloaded after import = 70
========================================================================
Received Import Request.
  Time since last request: 0.000035 seconds.
  path: Assets/ArtskillZ Store/Free SciFi Textures/Materials/FloorTech01b.mat
  artifactKey: Guid(6c0e25d7f71922e4bbab0874dadcd209) Importer(2089858483,0ecaa5967403d082aa24f35e1b516d23)
Start importing Assets/ArtskillZ Store/Free SciFi Textures/Materials/FloorTech01b.mat using Guid(6c0e25d7f71922e4bbab0874dadcd209) Importer(2089858483,0ecaa5967403d082aa24f35e1b516d23) Generated GUIDs only implemented for interfaces!
 -> (artifact id: '1e39f6000f8a592146340f13bcad7331') in 0.014587 seconds
Number of updated asset objects reloaded before import = 0
Number of asset objects unloaded after import = 1
========================================================================
Received Import Request.
  Time since last request: 0.000049 seconds.
  path: Assets/scripts 1/Camera Holder.prefab
  artifactKey: Guid(89cb374ad4b6d37498667a5aebbee301) Importer(2089858483,0ecaa5967403d082aa24f35e1b516d23)
Start importing Assets/scripts 1/Camera Holder.prefab using Guid(89cb374ad4b6d37498667a5aebbee301) Importer(2089858483,0ecaa5967403d082aa24f35e1b516d23) Generated GUIDs only implemented for interfaces!
 -> (artifact id: '7bb49930ee839d6138b6e5d2085869bc') in 0.011695 seconds
Number of updated asset objects reloaded before import = 0
Number of asset objects unloaded after import = 13
========================================================================
Received Import Request.
  Time since last request: 0.000028 seconds.
  path: Assets/scripts 1/Player.prefab
  artifactKey: Guid(9e294143a30a61c4ebde730cdf9573c3) Importer(2089858483,0ecaa5967403d082aa24f35e1b516d23)
Start importing Assets/scripts 1/Player.prefab using Guid(9e294143a30a61c4ebde730cdf9573c3) Importer(2089858483,0ecaa5967403d082aa24f35e1b516d23) Generated GUIDs only implemented for interfaces!
 -> (artifact id: 'e2f576606a80fcc17c5d06a264dc8fb4') in 0.017111 seconds
Number of updated asset objects reloaded before import = 0
Number of asset objects unloaded after import = 23
========================================================================
Received Import Request.
  Time since last request: 0.000034 seconds.
  path: Assets/Materials/lambert1_Normal_OpenGL 1.mat
  artifactKey: Guid(9e544e7e3c794634eb64f2ee7390df22) Importer(2089858483,0ecaa5967403d082aa24f35e1b516d23)
Start importing Assets/Materials/lambert1_Normal_OpenGL 1.mat using Guid(9e544e7e3c794634eb64f2ee7390df22) Importer(2089858483,0ecaa5967403d082aa24f35e1b516d23) Generated GUIDs only implemented for interfaces!
 -> (artifact id: '501aecb67b1c3fc59c1445a84450f726') in 0.016351 seconds
Number of updated asset objects reloaded before import = 0
Number of asset objects unloaded after import = 2
========================================================================
Received Import Request.
  Time since last request: 0.000028 seconds.
  path: Assets/ArtskillZ Store/Free SciFi Textures/FloorTech01.jpg
  artifactKey: Guid(8709e84ac218a6444b74706e0daa03bf) Importer(2089858483,0ecaa5967403d082aa24f35e1b516d23)
Start importing Assets/ArtskillZ Store/Free SciFi Textures/FloorTech01.jpg using Guid(8709e84ac218a6444b74706e0daa03bf) Importer(2089858483,0ecaa5967403d082aa24f35e1b516d23) Generated GUIDs only implemented for interfaces!
 -> (artifact id: '347a148d5292d1198e4ff0b64eadaba4') in 0.030719 seconds
Number of updated asset objects reloaded before import = 0
Number of asset objects unloaded after import = 1
========================================================================
Received Import Request.
  Time since last request: 0.000072 seconds.
  path: Assets/ArtskillZ Store/Free SciFi Textures/Materials/FloorTech01c.mat
  artifactKey: Guid(4a2dd5e1720ad264e9da52f292be0219) Importer(2089858483,0ecaa5967403d082aa24f35e1b516d23)
Start importing Assets/ArtskillZ Store/Free SciFi Textures/Materials/FloorTech01c.mat using Guid(4a2dd5e1720ad264e9da52f292be0219) Importer(2089858483,0ecaa5967403d082aa24f35e1b516d23) Generated GUIDs only implemented for interfaces!
 -> (artifact id: 'b53fc130e302b249cd67712730fe6f5b') in 0.014537 seconds
Number of updated asset objects reloaded before import = 0
Number of asset objects unloaded after import = 2
========================================================================
Received Import Request.
  Time since last request: 0.000036 seconds.
  path: Assets/scripts 1/weaponSwitching.cs
  artifactKey: Guid(70e2e2b281c4aad4d802610b441a0eb1) Importer(2089858483,0ecaa5967403d082aa24f35e1b516d23)
Start importing Assets/scripts 1/weaponSwitching.cs using Guid(70e2e2b281c4aad4d802610b441a0eb1) Importer(2089858483,0ecaa5967403d082aa24f35e1b516d23) Generated GUIDs only implemented for interfaces!
 -> (artifact id: '1c8b129246ab61861a714dd390d88cd8') in 0.010429 seconds
Number of updated asset objects reloaded before import = 0
Number of asset objects unloaded after import = 1
========================================================================
Received Import Request.
  Time since last request: 0.000034 seconds.
  path: Assets/ArtskillZ Store/Free SciFi Textures/FloorTech01c.jpg
  artifactKey: Guid(55c183c4d9dc25847acede88623d41e7) Importer(2089858483,0ecaa5967403d082aa24f35e1b516d23)
Start importing Assets/ArtskillZ Store/Free SciFi Textures/FloorTech01c.jpg using Guid(55c183c4d9dc25847acede88623d41e7) Importer(2089858483,0ecaa5967403d082aa24f35e1b516d23) Generated GUIDs only implemented for interfaces!
 -> (artifact id: '3ab72bd5217aa2a7af690e951d1c30b0') in 0.039405 seconds
Number of updated asset objects reloaded before import = 0
Number of asset objects unloaded after import = 1
========================================================================
Received Import Request.
  Time since last request: 0.000052 seconds.
  path: Assets/ArtskillZ Store/Free SciFi Textures/FloorTech05e.jpg
  artifactKey: Guid(48c4d9dbf0e416b4db7d85db0a989085) Importer(2089858483,0ecaa5967403d082aa24f35e1b516d23)
Start importing Assets/ArtskillZ Store/Free SciFi Textures/FloorTech05e.jpg using Guid(48c4d9dbf0e416b4db7d85db0a989085) Importer(2089858483,0ecaa5967403d082aa24f35e1b516d23) Generated GUIDs only implemented for interfaces!
 -> (artifact id: 'cd92b1fdca9a65af8609dc0742d3dbcd') in 0.035125 seconds
Number of updated asset objects reloaded before import = 0
Number of asset objects unloaded after import = 1
========================================================================
Received Import Request.
  Time since last request: 0.000030 seconds.
  path: Assets/scripts 1/enemyAi.cs
  artifactKey: Guid(12c79065964401c459c3fade9d267c95) Importer(2089858483,0ecaa5967403d082aa24f35e1b516d23)
Start importing Assets/scripts 1/enemyAi.cs using Guid(12c79065964401c459c3fade9d267c95) Importer(2089858483,0ecaa5967403d082aa24f35e1b516d23) Generated GUIDs only implemented for interfaces!
 -> (artifact id: 'f828d7c7e5265ffd18a428749102a08b') in 0.007796 seconds
Number of updated asset objects reloaded before import = 0
Number of asset objects unloaded after import = 1
========================================================================
Received Import Request.
  Time since last request: 0.000032 seconds.
  path: Assets/scripts 1/WallRun.cs
  artifactKey: Guid(c45bfcab2163d234c8ce84e1fb58957a) Importer(2089858483,0ecaa5967403d082aa24f35e1b516d23)
Start importing Assets/scripts 1/WallRun.cs using Guid(c45bfcab2163d234c8ce84e1fb58957a) Importer(2089858483,0ecaa5967403d082aa24f35e1b516d23) Generated GUIDs only implemented for interfaces!
 -> (artifact id: '992271e46d2fb32deecd2046997a1d7b') in 0.009147 seconds
Number of updated asset objects reloaded before import = 0
Number of asset objects unloaded after import = 1
========================================================================
Received Import Request.
  Time since last request: 0.000030 seconds.
  path: Assets/ArtskillZ Store/Free SciFi Textures/Wall02c.jpg
  artifactKey: Guid(d113abcd169cb6e4bb353137db5b6cd4) Importer(2089858483,0ecaa5967403d082aa24f35e1b516d23)
Start importing Assets/ArtskillZ Store/Free SciFi Textures/Wall02c.jpg using Guid(d113abcd169cb6e4bb353137db5b6cd4) Importer(2089858483,0ecaa5967403d082aa24f35e1b516d23) Generated GUIDs only implemented for interfaces!
 -> (artifact id: '266b623dc1c6f4f0955a373a285c1439') in 0.038201 seconds
Number of updated asset objects reloaded before import = 0
Number of asset objects unloaded after import = 1
========================================================================
Received Import Request.
  Time since last request: 0.000033 seconds.
  path: Assets/ArtskillZ Store/Free SciFi Textures/FloorTech05.jpg
  artifactKey: Guid(531cf4c65d487e040b8ebe7bd0288928) Importer(2089858483,0ecaa5967403d082aa24f35e1b516d23)
Start importing Assets/ArtskillZ Store/Free SciFi Textures/FloorTech05.jpg using Guid(531cf4c65d487e040b8ebe7bd0288928) Importer(2089858483,0ecaa5967403d082aa24f35e1b516d23) Generated GUIDs only implemented for interfaces!
 -> (artifact id: '37a56f3f1c325d9aacb8cc26bc9e6d63') in 0.029042 seconds
Number of updated asset objects reloaded before import = 0
Number of asset objects unloaded after import = 1
========================================================================
Received Import Request.
  Time since last request: 0.000142 seconds.
  path: Assets/ArtskillZ Store/Free SciFi Textures/FloorTech02c.jpg
  artifactKey: Guid(6db7b0465f933414ab429c0ff75c95bf) Importer(2089858483,0ecaa5967403d082aa24f35e1b516d23)
Start importing Assets/ArtskillZ Store/Free SciFi Textures/FloorTech02c.jpg using Guid(6db7b0465f933414ab429c0ff75c95bf) Importer(2089858483,0ecaa5967403d082aa24f35e1b516d23) Generated GUIDs only implemented for interfaces!
 -> (artifact id: '441bba7afa5081533dd8349ca075b373') in 0.043114 seconds
Number of updated asset objects reloaded before import = 0
Number of asset objects unloaded after import = 1
========================================================================
Received Import Request.
  Time since last request: 0.000027 seconds.
  path: Assets/ArtskillZ Store/Free SciFi Textures/Materials/FloorTech04.mat
  artifactKey: Guid(b1f2efe9cde617c4d9c900aa91a3e296) Importer(2089858483,0ecaa5967403d082aa24f35e1b516d23)
Start importing Assets/ArtskillZ Store/Free SciFi Textures/Materials/FloorTech04.mat using Guid(b1f2efe9cde617c4d9c900aa91a3e296) Importer(2089858483,0ecaa5967403d082aa24f35e1b516d23) Generated GUIDs only implemented for interfaces!
 -> (artifact id: '1ee4e6850033f267a798e8d0d1e8103c') in 0.014010 seconds
Number of updated asset objects reloaded before import = 0
Number of asset objects unloaded after import = 2
========================================================================
Received Import Request.
  Time since last request: 0.000031 seconds.
  path: Assets/textures/lambert1_Mixed_AO.png
  artifactKey: Guid(9cc76d4e6ff9d164a9317ffd8eda4e62) Importer(2089858483,0ecaa5967403d082aa24f35e1b516d23)
Start importing Assets/textures/lambert1_Mixed_AO.png using Guid(9cc76d4e6ff9d164a9317ffd8eda4e62) Importer(2089858483,0ecaa5967403d082aa24f35e1b516d23) Generated GUIDs only implemented for interfaces!
 -> (artifact id: 'd7cd98b3bfb2bf348559b920810c0b6c') in 0.036471 seconds
Number of updated asset objects reloaded before import = 0
Number of asset objects unloaded after import = 1
========================================================================
Received Import Request.
  Time since last request: 0.000039 seconds.
  path: Assets/scripts 1/New Custom Render Texture.asset
  artifactKey: Guid(97ad81af690dbcd4d99c9b8b77c093ae) Importer(2089858483,0ecaa5967403d082aa24f35e1b516d23)
Start importing Assets/scripts 1/New Custom Render Texture.asset using Guid(97ad81af690dbcd4d99c9b8b77c093ae) Importer(2089858483,0ecaa5967403d082aa24f35e1b516d23) Generated GUIDs only implemented for interfaces!
 -> (artifact id: 'b91bc8de0195a2593d51529fc95f3988') in 0.022514 seconds
Number of updated asset objects reloaded before import = 0
Number of asset objects unloaded after import = 1
========================================================================
Received Import Request.
  Time since last request: 0.000033 seconds.
  path: Assets/ArtskillZ Store/Free SciFi Textures/FloorTech02b.jpg
  artifactKey: Guid(6967dbc1c1d73064180e042b59b2d4d3) Importer(2089858483,0ecaa5967403d082aa24f35e1b516d23)
Start importing Assets/ArtskillZ Store/Free SciFi Textures/FloorTech02b.jpg using Guid(6967dbc1c1d73064180e042b59b2d4d3) Importer(2089858483,0ecaa5967403d082aa24f35e1b516d23) Generated GUIDs only implemented for interfaces!
 -> (artifact id: 'c16920f2ae69f0a7f43b5b7fa5acd77d') in 0.035413 seconds
Number of updated asset objects reloaded before import = 0
Number of asset objects unloaded after import = 1
========================================================================
Received Import Request.
  Time since last request: 0.000029 seconds.
  path: Assets/scripts 1/Stamina.cs
  artifactKey: Guid(4d1506e88b1ce6b4382bc11e60606e1c) Importer(2089858483,0ecaa5967403d082aa24f35e1b516d23)
Start importing Assets/scripts 1/Stamina.cs using Guid(4d1506e88b1ce6b4382bc11e60606e1c) Importer(2089858483,0ecaa5967403d082aa24f35e1b516d23) Generated GUIDs only implemented for interfaces!
 -> (artifact id: '605a69101e5f161169866a69b70d4e91') in 0.009088 seconds
Number of updated asset objects reloaded before import = 0
Number of asset objects unloaded after import = 1
Editor requested this worker to shutdown with reason: Scaling down because of idle timeout
TcpMessagingSession - receive error: operation aborted. errorcode: 995, details: The I/O operation has been aborted because of either a thread exit or an application request.
AssetImportWorker is now disconnected from the server
Process exiting
Exiting without the bug reporter. Application will terminate with return code 0